[ENV] TMDB_KEY:  3a70e2d3239f68d97da1e7c3c70ead0f
[ENV] STREAMS_URL:  https://torrentio.strem.fun/qualityfilter=threed,480p,cam,unknown|limit=2|realdebrid=N4FLTAWR4NTMF6O5SU4CESZZSDWYOSHKTVPFDYAAK4FZTWYKAHGQ
[ENV] RD_TOKEN:  N4FLTAWR4NTMF6O5SU4CESZZSDWYOSHKTVPFDYAAK4FZTWYKAHGQ
[2025-10-06T10:00:37.185Z] Dirs -> MOVIES=D:\StremioCatalog\_Hybrid\Movies SHOWS=D:\StremioCatalog\_Hybrid\Shows SANITY=D:\StremioCatalog\_Hybrid\_Sanity CACHE=D:\PlexTools\cache
[2025-10-06T10:00:37.186Z] STREAMS_URL(base): https://torrentio.strem.fun
[2025-10-06T10:00:37.186Z] STREAMS_URL(params): {"qualityfilter":"threed,480p,cam,unknown","limit":"2","realdebrid":"N4FLTAWR4NTMF6O5SU4CESZZSDWYOSHKTVPFDYAAK4FZTWYKAHGQ"}
[2025-10-06T10:00:37.186Z] RD_TOKEN: N4FLTAWR4NTMF6O5SU4CESZZSDWYOSHKTVPFDYAAK4FZTWYKAHGQ
[2025-10-06T10:00:37.186Z] QS variants: [{"qualityfilter":"threed,480p,cam,unknown","limit":"2","realdebrid":"N4FLTAWR4NTMF6O5SU4CESZZSDWYOSHKTVPFDYAAK4FZTWYKAHGQ"},{"qualityfilter":"threed,480p,cam,unknown","limit":10,"realdebrid":"N4FLTAWR4NTMF6O5SU4CESZZSDWYOSHKTVPFDYAAK4FZTWYKAHGQ"},{"limit":"2","realdebrid":"N4FLTAWR4NTMF6O5SU4CESZZSDWYOSHKTVPFDYAAK4FZTWYKAHGQ"},{"limit":15,"realdebrid":"N4FLTAWR4NTMF6O5SU4CESZZSDWYOSHKTVPFDYAAK4FZTWYKAHGQ"}]
[2025-10-06T10:00:37.761Z] Shelf -> Movies - Popular (20 candidates)
[2025-10-06T10:01:46.692Z] Shelf -> Movies - Top Rated (20 candidates)
[2025-10-06T10:02:56.182Z] Shelf -> Movies - New this month (20 candidates)
[2025-10-06T10:03:47.948Z] Shelf -> TV - Popular (20 candidates)
[2025-10-06T10:04:24.807Z] Shelf -> TV - Top Rated (20 candidates)
[2025-10-06T10:05:03.471Z] Shelf -> TV - New this month (20 candidates)
[2025-10-06T10:05:47.608Z] Shelf -> TV - Netflix (20 candidates)
[2025-10-06T10:06:29.745Z] Shelf -> TV - Amazon Prime (20 candidates)
[2025-10-06T10:07:11.097Z] Shelf -> TV - Disney+ (20 candidates)
[2025-10-06T10:08:12.018Z] Shelf -> TV - HBO/Max (20 candidates)
[2025-10-06T10:09:02.607Z] Shelf -> TV - Apple TV+ (20 candidates)
[2025-10-06T10:09:49.383Z] Shelf -> TV - Hulu (20 candidates)
[2025-10-06T10:10:29.045Z] Shelf -> TV - Crunchyroll (20 candidates)
[2025-10-06T10:11:41.754Z] Populate finished: written=0 failures=260
