[ENV] TMDB_KEY:  3a70e2d3239f68d97da1e7c3c70ead0f
[ENV] STREAMS_URL:  https://torrentio.strem.fun/qualityfilter=threed,480p,cam,unknown|limit=2|realdebrid=N4FLTAWR4NTMF6O5SU4CESZZSDWYOSHKTVPFDYAAK4FZTWYKAHGQ
[ENV] RD_TOKEN:  N4FLTAWR4NTMF6O5SU4CESZZSDWYOSHKTVPFDYAAK4FZTWYKAHGQ
[2025-10-06T21:51:02.729Z] Dirs -> MOVIES=D:\StremioCatalog\_Hybrid\Movies SHOWS=D:\StremioCatalog\_Hybrid\Shows SANITY=D:\StremioCatalog\_Hybrid\_Sanity CACHE=D:\PlexTools\cache
[2025-10-06T21:51:02.730Z] STREAMS base: https://torrentio.strem.fun
[2025-10-06T21:51:02.730Z] STREAMS cfg (plain): qualityfilter=threed,480p,cam,unknown|limit=2|realdebrid=N4FLTAWR4NTMF6O5SU4CESZZSDWYOSHKTVPFDYAAK4FZTWYKAHGQ
[2025-10-06T21:51:02.730Z] STREAMS cfg (enc):   qualityfilter%3Dthreed%2C480p%2Ccam%2Cunknown%7Climit%3D2%7Crealdebrid%3DN4FLTAWR4NTMF6O5SU4CESZZSDWYOSHKTVPFDYAAK4FZTWYKAHGQ
[2025-10-06T21:51:02.730Z] RD_TOKEN present
[2025-10-06T21:51:03.362Z] TMDb probe: status=200
[2025-10-06T21:51:03.667Z] Shelf filter ? Movies - Popular: 20 ? 17 (released?today, votes?10)
[2025-10-06T21:51:03.667Z] Shelf -> Movies - Popular (17 candidates)
[2025-10-06T21:51:09.459Z] Shelf filter ? Movies - Top Rated: 20 ? 20 (released?today, votes?10)
[2025-10-06T21:51:09.459Z] Shelf -> Movies - Top Rated (20 candidates)
[2025-10-06T21:51:15.671Z] Shelf filter ? Movies - New this month: 20 ? 4 (released?today, votes?10)
[2025-10-06T21:51:15.671Z] Shelf -> Movies - New this month (4 candidates)
[2025-10-06T21:51:17.144Z] Shelf filter ? TV - Popular: 20 ? 20 (released?today, votes?10)
[2025-10-06T21:51:17.144Z] Shelf -> TV - Popular (20 candidates)
[2025-10-06T21:51:23.701Z] Shelf filter ? TV - Top Rated: 20 ? 20 (released?today, votes?10)
[2025-10-06T21:51:23.701Z] Shelf -> TV - Top Rated (20 candidates)
[2025-10-06T21:51:30.186Z] Shelf filter ? TV - New this month: 20 ? 2 (released?today, votes?10)
[2025-10-06T21:51:30.186Z] Shelf -> TV - New this month (2 candidates)
[2025-10-06T21:51:31.317Z] Shelf filter ? TV - Netflix: 20 ? 19 (released?today, votes?10)
[2025-10-06T21:51:31.317Z] Shelf -> TV - Netflix (19 candidates)
[2025-10-06T21:51:37.499Z] Shelf filter ? TV - Amazon Prime: 20 ? 20 (released?today, votes?10)
[2025-10-06T21:51:37.499Z] Shelf -> TV - Amazon Prime (20 candidates)
[2025-10-06T21:51:43.680Z] Shelf filter ? TV - Disney+: 20 ? 17 (released?today, votes?10)
[2025-10-06T21:51:43.680Z] Shelf -> TV - Disney+ (17 candidates)
[2025-10-06T21:51:49.342Z] Shelf filter ? TV - HBO/Max: 20 ? 20 (released?today, votes?10)
[2025-10-06T21:51:49.342Z] Shelf -> TV - HBO/Max (20 candidates)
[2025-10-06T21:51:56.079Z] Shelf filter ? TV - Apple TV+: 20 ? 20 (released?today, votes?10)
[2025-10-06T21:51:56.079Z] Shelf -> TV - Apple TV+ (20 candidates)
[2025-10-06T21:52:02.298Z] Shelf filter ? TV - Hulu: 20 ? 20 (released?today, votes?10)
[2025-10-06T21:52:02.298Z] Shelf -> TV - Hulu (20 candidates)
[2025-10-06T21:52:08.503Z] Shelf filter ? TV - Crunchyroll: 20 ? 20 (released?today, votes?10)
[2025-10-06T21:52:08.503Z] Shelf -> TV - Crunchyroll (20 candidates)
[2025-10-06T21:52:14.428Z] Populate finished: written=199 failures=5
