[ENV] TMDB_KEY:  3a70e2d3239f68d97da1e7c3c70ead0f
[ENV] STREAMS_URL:  https://torrentio.strem.fun/qualityfilter=threed,480p,cam,unknown|limit=2|realdebrid=N4FLTAWR4NTMF6O5SU4CESZZSDWYOSHKTVPFDYAAK4FZTWYKAHGQ
[ENV] RD_TOKEN:  N4FLTAWR4NTMF6O5SU4CESZZSDWYOSHKTVPFDYAAK4FZTWYKAHGQ
[2025-10-06T05:34:25.924Z] Dirs -> MOVIES=D:\StremioCatalog\_Hybrid\Movies SHOWS=D:\StremioCatalog\_Hybrid\Shows SANITY=D:\StremioCatalog\_Hybrid\_Sanity CACHE=D:\PlexTools\cache
[2025-10-06T05:34:25.925Z] TMDB_KEY: 3a70e2d3239f68d97da1e7c3c70ead0f
[2025-10-06T05:34:25.925Z] STREAMS_URL: https://torrentio.strem.fun/qualityfilter=threed,480p,cam,unknown|limit=2|realdebrid=N4FLTAWR4NTMF6O5SU4CESZZSDWYOSHKTVPFDYAAK4FZTWYKAHGQ
[2025-10-06T05:34:25.925Z] RD_TOKEN: N4FLTAWR4NTMF6O5SU4CESZZSDWYOSHKTVPFDYAAK4FZTWYKAHGQ
[2025-10-06T05:34:26.514Z] Shelf -> Movies - Popular (20 candidates)
[2025-10-06T05:34:33.696Z] Shelf -> Movies - Top Rated (20 candidates)
[2025-10-06T05:34:41.054Z] Shelf -> Movies - New this month (20 candidates)
[2025-10-06T05:34:48.158Z] Shelf -> TV - Popular (20 candidates)
[2025-10-06T05:34:56.315Z] Shelf -> TV - Top Rated (20 candidates)
[2025-10-06T05:35:03.654Z] Shelf -> TV - New this month (20 candidates)
[2025-10-06T05:35:09.993Z] Shelf -> TV - Netflix (20 candidates)
[2025-10-06T05:35:16.011Z] Shelf -> TV - Amazon Prime (20 candidates)
[2025-10-06T05:35:22.723Z] Shelf -> TV - Disney+ (20 candidates)
[2025-10-06T05:35:29.614Z] Shelf -> TV - HBO/Max (20 candidates)
[2025-10-06T05:35:36.225Z] Shelf -> TV - Apple TV+ (20 candidates)
[2025-10-06T05:35:43.034Z] Shelf -> TV - Hulu (20 candidates)
[2025-10-06T05:35:49.421Z] Shelf -> TV - Crunchyroll (20 candidates)
[2025-10-06T05:35:56.091Z] Populate finished: written=0 failures=260
