[ENV] TMDB_KEY:  3a70e2d3239f68d97da1e7c3c70ead0f
[ENV] STREAMS_URL:  https://torrentio.strem.fun/qualityfilter=threed,480p,cam,unknown|limit=2|realdebrid=N4FLTAWR4NTMF6O5SU4CESZZSDWYOSHKTVPFDYAAK4FZTWYKAHGQ
[ENV] RD_TOKEN:  N4FLTAWR4NTMF6O5SU4CESZZSDWYOSHKTVPFDYAAK4FZTWYKAHGQ
[2025-10-06T05:49:50.481Z] Dirs -> MOVIES=D:\StremioCatalog\_Hybrid\Movies SHOWS=D:\StremioCatalog\_Hybrid\Shows SANITY=D:\StremioCatalog\_Hybrid\_Sanity CACHE=D:\PlexTools\cache
[2025-10-06T05:49:50.482Z] STREAMS_URL(base): https://torrentio.strem.fun
[2025-10-06T05:49:50.482Z] STREAMS_URL(params): {"qualityfilter":"threed,480p,cam,unknown","limit":"2","realdebrid":"N4FLTAWR4NTMF6O5SU4CESZZSDWYOSHKTVPFDYAAK4FZTWYKAHGQ"}
[2025-10-06T05:49:50.482Z] RD_TOKEN: N4FLTAWR4NTMF6O5SU4CESZZSDWYOSHKTVPFDYAAK4FZTWYKAHGQ
[2025-10-06T05:49:50.487Z] QS variants: [{"qualityfilter":"threed,480p,cam,unknown","limit":"2","realdebrid":"N4FLTAWR4NTMF6O5SU4CESZZSDWYOSHKTVPFDYAAK4FZTWYKAHGQ"},{"qualityfilter":"threed,480p,cam,unknown","limit":10,"realdebrid":"N4FLTAWR4NTMF6O5SU4CESZZSDWYOSHKTVPFDYAAK4FZTWYKAHGQ"},{"limit":"2","realdebrid":"N4FLTAWR4NTMF6O5SU4CESZZSDWYOSHKTVPFDYAAK4FZTWYKAHGQ"},{"limit":15,"realdebrid":"N4FLTAWR4NTMF6O5SU4CESZZSDWYOSHKTVPFDYAAK4FZTWYKAHGQ"}]
[2025-10-06T05:49:51.050Z] Shelf -> Movies - Popular (20 candidates)
[2025-10-06T05:51:18.799Z] Shelf -> Movies - Top Rated (20 candidates)
[2025-10-06T05:52:50.193Z] Shelf -> Movies - New this month (20 candidates)
[2025-10-06T05:54:10.786Z] Shelf -> TV - Popular (20 candidates)
[2025-10-06T05:55:33.012Z] Shelf -> TV - Top Rated (20 candidates)
[2025-10-06T05:56:56.988Z] Shelf -> TV - New this month (20 candidates)
[2025-10-06T05:58:18.176Z] Shelf -> TV - Netflix (20 candidates)
[2025-10-06T05:59:38.118Z] Shelf -> TV - Amazon Prime (20 candidates)
[2025-10-06T06:01:04.366Z] Shelf -> TV - Disney+ (20 candidates)
[2025-10-06T06:02:26.643Z] Shelf -> TV - HBO/Max (20 candidates)
[2025-10-06T06:03:49.216Z] Shelf -> TV - Apple TV+ (20 candidates)
[2025-10-06T06:05:14.240Z] Shelf -> TV - Hulu (20 candidates)
[2025-10-06T06:06:41.392Z] Shelf -> TV - Crunchyroll (20 candidates)
[2025-10-06T06:08:04.569Z] Populate finished: written=0 failures=260
