[ENV] TMDB_KEY:  3a70e2d3239f68d97da1e7c3c70ead0f
[ENV] STREAMS_URL:  https://torrentio.strem.fun/qualityfilter=threed,480p,cam,unknown|limit=2|realdebrid=N4FLTAWR4NTMF6O5SU4CESZZSDWYOSHKTVPFDYAAK4FZTWYKAHGQ
[ENV] RD_TOKEN:  N4FLTAWR4NTMF6O5SU4CESZZSDWYOSHKTVPFDYAAK4FZTWYKAHGQ
[2025-10-06T07:45:34.051Z] Dirs -> MOVIES=D:\StremioCatalog\_Hybrid\Movies SHOWS=D:\StremioCatalog\_Hybrid\Shows SANITY=D:\StremioCatalog\_Hybrid\_Sanity CACHE=D:\PlexTools\cache
[2025-10-06T07:45:34.053Z] STREAMS_URL(base): https://torrentio.strem.fun
[2025-10-06T07:45:34.053Z] STREAMS_URL(params): {"qualityfilter":"threed,480p,cam,unknown","limit":"2","realdebrid":"N4FLTAWR4NTMF6O5SU4CESZZSDWYOSHKTVPFDYAAK4FZTWYKAHGQ"}
[2025-10-06T07:45:34.053Z] RD_TOKEN: N4FLTAWR4NTMF6O5SU4CESZZSDWYOSHKTVPFDYAAK4FZTWYKAHGQ
[2025-10-06T07:45:34.053Z] QS variants: [{"qualityfilter":"threed,480p,cam,unknown","limit":"2","realdebrid":"N4FLTAWR4NTMF6O5SU4CESZZSDWYOSHKTVPFDYAAK4FZTWYKAHGQ"},{"qualityfilter":"threed,480p,cam,unknown","limit":10,"realdebrid":"N4FLTAWR4NTMF6O5SU4CESZZSDWYOSHKTVPFDYAAK4FZTWYKAHGQ"},{"limit":"2","realdebrid":"N4FLTAWR4NTMF6O5SU4CESZZSDWYOSHKTVPFDYAAK4FZTWYKAHGQ"},{"limit":15,"realdebrid":"N4FLTAWR4NTMF6O5SU4CESZZSDWYOSHKTVPFDYAAK4FZTWYKAHGQ"}]
[2025-10-06T07:45:34.743Z] Shelf -> Movies - Popular (20 candidates)
[2025-10-06T07:46:07.872Z] Shelf -> Movies - Top Rated (20 candidates)
[2025-10-06T07:46:41.604Z] Shelf -> Movies - New this month (20 candidates)
[2025-10-06T07:47:20.958Z] Shelf -> TV - Popular (20 candidates)
[2025-10-06T07:48:19.464Z] Shelf -> TV - Top Rated (20 candidates)
[2025-10-06T07:49:16.401Z] Shelf -> TV - New this month (20 candidates)
[2025-10-06T07:50:19.516Z] Shelf -> TV - Netflix (20 candidates)
[2025-10-06T07:51:18.400Z] Shelf -> TV - Amazon Prime (20 candidates)
[2025-10-06T07:52:38.115Z] Shelf -> TV - Disney+ (20 candidates)
[2025-10-06T07:53:57.460Z] Shelf -> TV - HBO/Max (20 candidates)
[2025-10-06T07:55:07.315Z] Shelf -> TV - Apple TV+ (20 candidates)
[2025-10-06T07:55:45.754Z] Shelf -> TV - Hulu (20 candidates)
[2025-10-06T07:56:23.626Z] Shelf -> TV - Crunchyroll (20 candidates)
[2025-10-06T07:57:02.209Z] Populate finished: written=0 failures=260
