[ENV] TMDB_KEY:  3a70e2d3239f68d97da1e7c3c70ead0f
[ENV] STREAMS_URL:  https://torrentio.strem.fun/qualityfilter=threed,480p,cam,unknown|limit=2|realdebrid=N4FLTAWR4NTMF6O5SU4CESZZSDWYOSHKTVPFDYAAK4FZTWYKAHGQ
[ENV] RD_TOKEN:  N4FLTAWR4NTMF6O5SU4CESZZSDWYOSHKTVPFDYAAK4FZTWYKAHGQ
[2025-10-06T10:28:52.520Z] Dirs -> MOVIES=D:\StremioCatalog\_Hybrid\Movies SHOWS=D:\StremioCatalog\_Hybrid\Shows SANITY=D:\StremioCatalog\_Hybrid\_Sanity CACHE=D:\PlexTools\cache
[2025-10-06T10:28:52.521Z] STREAMS base: https://torrentio.strem.fun
[2025-10-06T10:28:52.521Z] STREAMS cfg (plain): qualityfilter=threed,480p,cam,unknown|limit=2|realdebrid=N4FLTAWR4NTMF6O5SU4CESZZSDWYOSHKTVPFDYAAK4FZTWYKAHGQ|limit=2|realdebrid=N4FLTAWR4NTMF6O5SU4CESZZSDWYOSHKTVPFDYAAK4FZTWYKAHGQ
[2025-10-06T10:28:52.521Z] STREAMS cfg (enc):   qualityfilter%3Dthreed%2C480p%2Ccam%2Cunknown%7Climit%3D2%7Crealdebrid%3DN4FLTAWR4NTMF6O5SU4CESZZSDWYOSHKTVPFDYAAK4FZTWYKAHGQ%7Climit%3D2%7Crealdebrid%3DN4FLTAWR4NTMF6O5SU4CESZZSDWYOSHKTVPFDYAAK4FZTWYKAHGQ
[2025-10-06T10:28:52.521Z] RD_TOKEN present
[2025-10-06T10:28:53.317Z] TMDb empty for movie/popular (status=0, err=AggregateError)
[2025-10-06T10:28:53.318Z] Shelf -> Movies - Popular (0 candidates)
[2025-10-06T10:28:54.067Z] TMDb empty for movie/top_rated (status=0, err=AggregateError)
[2025-10-06T10:28:54.067Z] Shelf -> Movies - Top Rated (0 candidates)
[2025-10-06T10:28:54.804Z] TMDb empty for discover/movie?primary_release_date.gte=2025-10-01 (status=0, err=AggregateError)
[2025-10-06T10:28:54.804Z] Shelf -> Movies - New this month (0 candidates)
[2025-10-06T10:28:55.550Z] TMDb empty for tv/popular (status=0, err=AggregateError)
[2025-10-06T10:28:55.550Z] Shelf -> TV - Popular (0 candidates)
[2025-10-06T10:28:56.300Z] TMDb empty for tv/top_rated (status=0, err=AggregateError)
[2025-10-06T10:28:56.300Z] Shelf -> TV - Top Rated (0 candidates)
[2025-10-06T10:28:57.066Z] TMDb empty for discover/tv?first_air_date.gte=2025-10-01 (status=0, err=AggregateError)
[2025-10-06T10:28:57.066Z] Shelf -> TV - New this month (0 candidates)
[2025-10-06T10:28:57.799Z] TMDb empty for discover/tv?with_networks=213 (status=0, err=AggregateError)
[2025-10-06T10:28:57.799Z] Shelf -> TV - Netflix (0 candidates)
[2025-10-06T10:28:58.546Z] TMDb empty for discover/tv?with_networks=1024 (status=0, err=AggregateError)
[2025-10-06T10:28:58.546Z] Shelf -> TV - Amazon Prime (0 candidates)
[2025-10-06T10:28:59.289Z] TMDb empty for discover/tv?with_networks=2739 (status=0, err=AggregateError)
[2025-10-06T10:28:59.289Z] Shelf -> TV - Disney+ (0 candidates)
[2025-10-06T10:29:00.035Z] TMDb empty for discover/tv?with_networks=49 (status=0, err=AggregateError)
[2025-10-06T10:29:00.035Z] Shelf -> TV - HBO/Max (0 candidates)
[2025-10-06T10:29:00.791Z] TMDb empty for discover/tv?with_networks=2552 (status=0, err=AggregateError)
[2025-10-06T10:29:00.791Z] Shelf -> TV - Apple TV+ (0 candidates)
[2025-10-06T10:29:01.538Z] TMDb empty for discover/tv?with_networks=453 (status=0, err=AggregateError)
[2025-10-06T10:29:01.538Z] Shelf -> TV - Hulu (0 candidates)
[2025-10-06T10:29:02.282Z] TMDb empty for discover/tv?with_networks=56 (status=0, err=AggregateError)
[2025-10-06T10:29:02.282Z] Shelf -> TV - Crunchyroll (0 candidates)
[2025-10-06T10:29:02.283Z] Populate finished: written=0 failures=0
