**********************
PowerShell transcript start
Start time: 20251007211737
Username: MEDIASERVER\jason
RunAs User: MEDIASERVER\jason
Configuration Name: 
Machine: MEDIASERVER (Microsoft Windows NT 10.0.22631.0)
Host Application: C:\Program Files\PowerShell\7\pwsh.dll
Process ID: 47860
PSVersion: 7.5.3
PSEdition: Core
GitCommitId: 7.5.3
OS: Microsoft Windows 10.0.22631
Platform: Win32NT
PSCompatibleVersions: 1.0, 2.0, 3.0, 4.0, 5.0, 5.1, 6.0, 7.0
PSRemotingProtocolVersion: 2.3
SerializationVersion: 1.1.0.1
WSManStackVersion: 3.0
**********************
[21:17:37] Start: GitHub Make-Private helper
[21:17:37] Logs: D:\PlexTools\logs\chat_runs\20251007_211737_gh_make_private
[21:17:37] Vault: C:\Users\jason\OneDrive\Public\TOKENS
PS>TerminatingError(): "The pipeline has been stopped."
[21:17:37] PAT file: C:\Users\jason\OneDrive\Public\TOKENS\github_pat.txt
[21:17:37] Owner (from PAT): r0cksteadyw00t
[21:17:38] Repo: r0cksteadyw00t/plex-logs
[21:17:38] Current visibility: private=False visibility='public'
[21:17:38] Toggling to private...
[21:17:38] SUCCESS: Now private. visibility='private'
[21:17:38] Done.
**********************
PowerShell transcript end
End time: 20251007211738
**********************
