[2025-10-03 19:57:04] HB overall=amber
[2025-10-03 20:08:10] HB overall=green
[2025-10-03 20:08:16] HB overall=green
[2025-10-03 20:08:46] HB overall=green
[2025-10-03 20:09:16] HB overall=green
[2025-10-03 20:09:46] HB overall=green
[2025-10-03 20:10:16] HB overall=green
[2025-10-03 20:10:46] HB overall=green
[2025-10-03 20:11:16] HB overall=green
[2025-10-03 20:11:46] HB overall=green
[2025-10-03 20:12:16] HB overall=green
[2025-10-03 20:12:46] HB overall=green
[2025-10-03 20:13:16] HB overall=green
[2025-10-03 20:13:46] HB overall=green
[2025-10-03 20:14:16] HB overall=green
[2025-10-03 20:14:46] HB overall=green
[2025-10-03 20:14:48] HB overall=green note=
[2025-10-03 20:14:52] HB overall=green note=resync ok
[2025-10-03 20:15:22] HB overall=green note=
[2025-10-03 20:15:52] HB overall=green note=
[2025-10-03 20:16:22] HB overall=green note=
[2025-10-03 20:16:52] HB overall=green note=
[2025-10-03 20:17:22] HB overall=green note=
[2025-10-03 20:17:43] HB overall=green note=
[2025-10-03 20:18:19] CONTROL action='resync'
[2025-10-03 20:18:19] HB overall=green note=resync ok
[2025-10-03 20:18:49] HB overall=green note=
[2025-10-03 20:19:19] HB overall=green note=
[2025-10-03 20:19:49] HB overall=green note=
[2025-10-03 20:20:19] HB overall=green note=
[2025-10-03 20:20:49] HB overall=green note=
[2025-10-03 20:21:19] HB overall=green note=
[2025-10-03 20:21:49] HB overall=green note=
[2025-10-03 20:22:19] HB overall=green note=
[2025-10-03 20:22:49] HB overall=green note=
[2025-10-03 20:23:19] CONTROL action='resync'
[2025-10-03 20:23:19] HB overall=green note=resync ok
[2025-10-03 20:23:49] HB overall=green note=
[2025-10-03 20:24:19] HB overall=green note=
[2025-10-03 20:24:49] HB overall=green note=
[2025-10-03 20:25:19] HB overall=green note=
[2025-10-03 20:25:49] HB overall=green note=
[2025-10-03 20:26:19] HB overall=green note=
[2025-10-03 20:26:49] HB overall=amber note=
[2025-10-03 20:26:58] HB overall=amber note=
[2025-10-03 20:27:30] HB overall=amber note=
[2025-10-03 20:28:02] HB overall=amber note=
[2025-10-03 20:28:34] HB overall=amber note=
[2025-10-03 20:29:06] HB overall=amber note=
[2025-10-03 20:29:38] HB overall=amber note=
[2025-10-03 20:30:12] HB overall=amber note=
[2025-10-03 20:30:44] HB overall=amber note=
[2025-10-03 20:31:16] HB overall=amber note=
[2025-10-03 20:31:48] HB overall=amber note=
[2025-10-03 20:32:20] HB overall=amber note=
[2025-10-03 20:32:52] HB overall=amber note=
[2025-10-03 20:33:25] HB overall=amber note=
[2025-10-03 20:33:57] HB overall=amber note=
[2025-10-03 20:34:29] HB overall=amber note=
[2025-10-03 20:35:03] HB overall=amber note=
[2025-10-03 20:35:35] HB overall=amber note=
[2025-10-03 20:36:07] HB overall=amber note=
[2025-10-03 20:36:40] HB overall=amber note=
[2025-10-03 20:37:12] HB overall=amber note=
[2025-10-03 20:37:44] HB overall=amber note=
[2025-10-03 20:38:16] HB overall=amber note=
[2025-10-03 20:38:48] HB overall=amber note=
[2025-10-03 20:39:20] HB overall=amber note=
[2025-10-03 20:39:53] HB overall=amber note=
[2025-10-03 20:40:25] HB overall=amber note=
[2025-10-03 20:40:57] HB overall=amber note=
[2025-10-03 20:41:28] HB overall=amber note=
[2025-10-03 20:41:39] HB overall=amber note=
[2025-10-03 20:42:11] HB overall=amber note=
[2025-10-03 20:42:41] CONTROL action='resync'
[2025-10-03 20:42:43] HB overall=amber note=resync ok
[2025-10-03 20:43:19] HB overall=amber note=
[2025-10-03 20:43:55] HB overall=amber note=
[2025-10-03 20:44:28] HB overall=amber note=
[2025-10-03 20:45:01] HB overall=amber note=
[2025-10-03 20:45:34] HB overall=amber note=
[2025-10-03 20:46:06] HB overall=amber note=
[2025-10-03 20:46:38] HB overall=amber note=
[2025-10-03 20:47:10] HB overall=amber note=
[2025-10-03 20:47:43] HB overall=amber note=
[2025-10-03 20:48:15] HB overall=amber note=
[2025-10-03 20:48:47] HB overall=amber note=
[2025-10-03 20:49:19] HB overall=amber note=
[2025-10-03 20:49:51] HB overall=amber note=
[2025-10-03 20:50:23] HB overall=amber note=
[2025-10-03 20:50:55] HB overall=amber note=
[2025-10-03 20:51:28] HB overall=amber note=
[2025-10-03 20:52:00] HB overall=amber note=
[2025-10-03 20:52:32] HB overall=amber note=
[2025-10-03 20:53:04] HB overall=amber note=
[2025-10-03 20:53:37] HB overall=amber note=
[2025-10-03 20:54:10] HB overall=amber note=
[2025-10-03 20:54:42] HB overall=amber note=
[2025-10-03 20:55:14] HB overall=amber note=
[2025-10-03 20:55:46] HB overall=amber note=
[2025-10-03 20:56:16] CONTROL action='resync'
[2025-10-03 20:56:18] HB overall=amber note=resync ok
[2025-10-03 20:56:50] HB overall=amber note=
[2025-10-03 20:57:22] HB overall=amber note=
[2025-10-03 20:57:55] HB overall=amber note=
[2025-10-03 20:58:27] HB overall=amber note=
[2025-10-03 20:58:59] HB overall=amber note=
[2025-10-03 20:59:31] HB overall=amber note=
[2025-10-03 21:00:08] HB overall=amber note=
[2025-10-03 21:00:42] HB overall=amber note=
[2025-10-03 21:01:14] HB overall=amber note=
[2025-10-03 21:01:47] HB overall=amber note=
[2025-10-03 21:02:19] HB overall=amber note=
[2025-10-03 21:02:52] HB overall=amber note=
[2025-10-03 21:03:24] HB overall=amber note=
[2025-10-03 21:03:56] HB overall=amber note=
[2025-10-03 21:04:29] HB overall=amber note=
[2025-10-03 21:05:03] HB overall=amber note=
[2025-10-03 21:05:36] HB overall=amber note=
[2025-10-03 21:06:08] HB overall=amber note=
[2025-10-03 21:06:40] HB overall=amber note=
[2025-10-03 21:07:10] CONTROL action='resync'
[2025-10-03 21:07:12] HB overall=amber note=resync ok
[2025-10-05 20:13:21] CONTROL action='resync'
[2025-10-05 20:13:30] HB overall=amber note=resync ok
[2025-10-05 20:14:09] HB overall=amber note=
[2025-10-05 20:14:43] HB overall=amber note=
[2025-10-05 20:15:15] HB overall=amber note=
[2025-10-05 20:15:48] HB overall=amber note=
[2025-10-05 20:16:20] HB overall=amber note=
[2025-10-05 20:16:52] HB overall=amber note=
[2025-10-05 20:17:25] HB overall=amber note=
[2025-10-05 20:17:57] HB overall=amber note=
[2025-10-05 20:18:29] HB overall=amber note=
[2025-10-05 20:19:01] HB overall=amber note=
[2025-10-05 20:19:33] HB overall=amber note=
[2025-10-05 20:20:06] HB overall=amber note=
[2025-10-05 20:20:38] HB overall=amber note=
[2025-10-05 20:21:10] HB overall=amber note=
[2025-10-05 20:21:42] HB overall=amber note=
[2025-10-05 20:22:14] HB overall=amber note=
[2025-10-05 20:22:46] HB overall=amber note=
[2025-10-05 20:23:18] HB overall=amber note=
[2025-10-05 20:23:50] HB overall=amber note=
[2025-10-05 20:24:22] HB overall=amber note=
[2025-10-05 20:24:55] HB overall=amber note=
[2025-10-05 20:25:27] HB overall=amber note=
[2025-10-05 20:25:59] HB overall=amber note=
[2025-10-05 20:26:31] HB overall=amber note=
[2025-10-05 20:27:03] HB overall=amber note=
[2025-10-05 20:27:36] HB overall=amber note=
[2025-10-05 20:28:08] HB overall=amber note=
[2025-10-05 20:28:40] HB overall=amber note=
[2025-10-05 20:29:12] HB overall=amber note=
[2025-10-05 20:29:44] HB overall=amber note=
[2025-10-05 20:30:17] HB overall=amber note=
[2025-10-05 20:30:49] HB overall=amber note=
[2025-10-05 20:31:21] HB overall=amber note=
[2025-10-05 20:31:53] HB overall=amber note=
[2025-10-05 20:32:26] HB overall=amber note=
[2025-10-05 20:32:58] HB overall=amber note=
[2025-10-05 20:33:30] HB overall=amber note=
[2025-10-05 20:34:02] HB overall=amber note=
[2025-10-05 20:34:35] HB overall=amber note=
[2025-10-05 20:35:07] HB overall=amber note=
[2025-10-05 20:35:40] HB overall=amber note=
[2025-10-05 20:36:12] HB overall=amber note=
[2025-10-05 20:36:44] HB overall=amber note=
[2025-10-05 20:37:21] HB overall=amber note=
[2025-10-05 20:37:53] HB overall=amber note=
[2025-10-05 20:38:26] HB overall=amber note=
[2025-10-05 20:38:58] HB overall=amber note=
[2025-10-05 20:39:30] HB overall=amber note=
[2025-10-05 20:40:03] HB overall=amber note=
[2025-10-05 20:40:36] HB overall=amber note=
[2025-10-05 20:41:08] HB overall=amber note=
[2025-10-05 20:41:40] HB overall=amber note=
[2025-10-05 20:42:12] HB overall=amber note=
[2025-10-05 20:42:45] HB overall=amber note=
[2025-10-05 20:43:17] HB overall=amber note=
[2025-10-05 20:43:49] HB overall=amber note=
[2025-10-05 20:44:21] HB overall=amber note=
[2025-10-05 20:44:53] HB overall=amber note=
[2025-10-05 20:45:25] HB overall=amber note=
[2025-10-05 20:45:57] HB overall=amber note=
[2025-10-05 20:46:29] HB overall=amber note=
[2025-10-05 20:47:01] HB overall=amber note=
[2025-10-05 20:47:33] HB overall=amber note=
[2025-10-05 20:48:06] HB overall=amber note=
[2025-10-05 20:48:38] HB overall=amber note=
[2025-10-05 20:49:10] HB overall=amber note=
[2025-10-05 20:49:42] HB overall=amber note=
[2025-10-05 20:50:14] HB overall=amber note=
[2025-10-05 20:50:46] HB overall=amber note=
[2025-10-05 20:51:18] HB overall=amber note=
[2025-10-05 20:51:50] HB overall=amber note=
[2025-10-05 20:52:22] HB overall=amber note=
[2025-10-05 20:52:54] HB overall=amber note=
[2025-10-05 20:53:26] HB overall=amber note=
[2025-10-05 20:53:59] HB overall=amber note=
[2025-10-05 20:54:32] HB overall=amber note=
[2025-10-05 20:55:05] HB overall=amber note=
[2025-10-05 20:55:37] HB overall=amber note=
[2025-10-05 20:56:09] HB overall=amber note=
[2025-10-05 20:56:42] HB overall=amber note=
[2025-10-05 20:57:14] HB overall=amber note=
[2025-10-05 20:57:46] HB overall=amber note=
[2025-10-05 20:58:18] HB overall=amber note=
[2025-10-05 20:58:51] HB overall=amber note=
[2025-10-05 20:59:23] HB overall=amber note=
[2025-10-05 20:59:56] HB overall=amber note=
[2025-10-05 21:00:30] HB overall=amber note=
[2025-10-05 21:01:03] HB overall=amber note=
[2025-10-05 21:01:35] HB overall=amber note=
[2025-10-05 21:02:14] HB overall=amber note=
[2025-10-05 21:02:47] HB overall=amber note=
[2025-10-05 21:03:20] HB overall=amber note=
[2025-10-05 21:03:52] HB overall=amber note=
[2025-10-05 21:04:24] HB overall=amber note=
[2025-10-05 21:04:56] HB overall=amber note=
[2025-10-05 21:05:29] HB overall=amber note=
[2025-10-05 21:06:01] HB overall=amber note=
[2025-10-05 21:06:33] HB overall=amber note=
[2025-10-05 21:07:05] HB overall=amber note=
[2025-10-05 21:07:37] HB overall=amber note=
[2025-10-05 21:08:09] HB overall=amber note=
[2025-10-05 21:08:41] HB overall=amber note=
[2025-10-05 21:09:13] HB overall=amber note=
[2025-10-05 21:09:45] HB overall=amber note=
[2025-10-05 21:10:18] HB overall=amber note=
[2025-10-05 21:10:50] HB overall=amber note=
[2025-10-05 21:11:24] HB overall=amber note=
[2025-10-05 21:11:56] HB overall=amber note=
[2025-10-05 21:12:28] HB overall=amber note=
[2025-10-05 21:13:00] HB overall=amber note=
[2025-10-05 21:13:32] HB overall=amber note=
[2025-10-05 21:14:04] HB overall=amber note=
[2025-10-05 21:14:36] HB overall=amber note=
[2025-10-05 21:15:08] HB overall=amber note=
[2025-10-05 21:15:40] HB overall=amber note=
[2025-10-05 21:16:12] HB overall=amber note=
[2025-10-05 21:16:44] HB overall=amber note=
[2025-10-05 21:17:16] HB overall=amber note=
[2025-10-05 21:17:48] HB overall=amber note=
[2025-10-05 21:18:20] HB overall=amber note=
[2025-10-05 21:18:52] HB overall=amber note=
[2025-10-05 21:19:24] HB overall=amber note=
[2025-10-05 21:19:56] HB overall=amber note=
[2025-10-05 21:20:28] HB overall=amber note=
[2025-10-05 21:21:00] HB overall=amber note=
[2025-10-05 21:21:32] HB overall=amber note=
[2025-10-05 21:22:04] HB overall=amber note=
[2025-10-05 21:22:36] HB overall=amber note=
[2025-10-05 21:23:08] HB overall=amber note=
[2025-10-05 21:23:40] HB overall=amber note=
[2025-10-05 21:24:12] HB overall=amber note=
[2025-10-05 21:24:44] HB overall=amber note=
[2025-10-05 21:25:16] HB overall=amber note=
[2025-10-05 21:25:48] HB overall=amber note=
[2025-10-05 21:26:20] HB overall=amber note=
[2025-10-05 21:26:52] HB overall=amber note=
[2025-10-05 21:27:24] HB overall=amber note=
[2025-10-05 21:27:56] HB overall=amber note=
[2025-10-05 21:28:28] HB overall=amber note=
[2025-10-05 21:29:00] HB overall=amber note=
[2025-10-05 21:29:32] HB overall=amber note=
[2025-10-05 21:30:07] HB overall=amber note=
[2025-10-05 21:30:39] HB overall=amber note=
[2025-10-05 21:31:11] HB overall=amber note=
[2025-10-05 21:31:44] HB overall=amber note=
[2025-10-05 21:32:16] HB overall=amber note=
[2025-10-05 21:32:48] HB overall=amber note=
[2025-10-05 21:33:20] HB overall=amber note=
[2025-10-05 21:33:52] HB overall=amber note=
[2025-10-05 21:34:24] HB overall=amber note=
[2025-10-05 21:34:56] HB overall=amber note=
[2025-10-05 21:35:28] HB overall=amber note=
[2025-10-05 21:36:00] HB overall=amber note=
[2025-10-05 21:36:32] HB overall=amber note=
[2025-10-05 21:37:05] HB overall=amber note=
[2025-10-05 21:37:37] HB overall=amber note=
[2025-10-05 21:38:09] HB overall=amber note=
[2025-10-05 21:38:41] HB overall=amber note=
[2025-10-05 21:39:13] HB overall=amber note=
[2025-10-05 21:39:45] HB overall=amber note=
[2025-10-05 21:40:17] HB overall=amber note=
[2025-10-05 21:40:49] HB overall=amber note=
[2025-10-05 21:41:21] HB overall=amber note=
[2025-10-05 21:41:53] HB overall=amber note=
[2025-10-05 21:42:25] HB overall=amber note=
[2025-10-05 21:42:58] HB overall=amber note=
[2025-10-05 21:43:30] HB overall=amber note=
[2025-10-05 21:44:02] HB overall=amber note=
[2025-10-05 21:44:34] HB overall=amber note=
[2025-10-05 21:45:06] HB overall=amber note=
[2025-10-05 21:45:38] HB overall=amber note=
[2025-10-05 21:46:10] HB overall=amber note=
[2025-10-05 21:46:42] HB overall=amber note=
[2025-10-05 21:47:14] HB overall=amber note=
[2025-10-05 21:47:46] HB overall=amber note=
[2025-10-05 21:48:18] HB overall=amber note=
[2025-10-05 21:48:48] HB overall=amber note=
[2025-10-05 21:49:20] HB overall=amber note=
[2025-10-05 21:49:52] HB overall=amber note=
[2025-10-05 21:50:24] HB overall=amber note=
[2025-10-05 21:50:56] HB overall=amber note=
[2025-10-05 21:51:28] HB overall=amber note=
[2025-10-05 21:52:00] HB overall=amber note=
[2025-10-05 21:52:32] HB overall=amber note=
[2025-10-05 21:53:04] HB overall=amber note=
[2025-10-05 21:53:36] HB overall=amber note=
[2025-10-05 21:54:08] HB overall=amber note=
[2025-10-05 21:54:40] HB overall=amber note=
[2025-10-05 21:55:12] HB overall=amber note=
[2025-10-05 21:55:44] HB overall=amber note=
[2025-10-05 21:56:17] HB overall=amber note=
[2025-10-05 21:56:49] HB overall=amber note=
[2025-10-05 21:57:21] HB overall=amber note=
[2025-10-05 21:57:53] HB overall=amber note=
[2025-10-05 21:58:25] HB overall=amber note=
[2025-10-05 21:58:57] HB overall=amber note=
[2025-10-05 21:59:29] HB overall=amber note=
[2025-10-05 22:00:06] HB overall=amber note=
[2025-10-05 22:00:38] HB overall=amber note=
[2025-10-05 22:01:10] HB overall=amber note=
[2025-10-05 22:01:42] HB overall=amber note=
[2025-10-05 22:02:15] HB overall=amber note=
[2025-10-05 22:02:47] HB overall=amber note=
[2025-10-05 22:03:19] HB overall=amber note=
[2025-10-05 22:03:51] HB overall=amber note=
[2025-10-05 22:04:23] HB overall=amber note=
[2025-10-05 22:04:55] HB overall=amber note=
[2025-10-05 22:05:27] HB overall=amber note=
[2025-10-05 22:05:59] HB overall=amber note=
[2025-10-05 22:06:31] HB overall=amber note=
[2025-10-05 22:07:04] HB overall=amber note=
[2025-10-05 22:07:36] HB overall=amber note=
[2025-10-05 22:08:08] HB overall=amber note=
[2025-10-05 22:08:40] HB overall=amber note=
[2025-10-05 22:09:12] HB overall=amber note=
[2025-10-05 22:09:44] HB overall=amber note=
[2025-10-05 22:10:16] HB overall=amber note=
[2025-10-05 22:10:48] HB overall=amber note=
[2025-10-05 22:11:20] HB overall=amber note=
[2025-10-05 22:11:52] HB overall=amber note=
[2025-10-05 22:12:24] HB overall=amber note=
[2025-10-05 22:12:56] HB overall=amber note=
[2025-10-05 22:13:28] HB overall=amber note=
[2025-10-05 22:14:00] HB overall=amber note=
[2025-10-05 22:14:33] HB overall=amber note=
[2025-10-05 22:15:05] HB overall=amber note=
[2025-10-05 22:15:38] HB overall=amber note=
[2025-10-05 22:16:10] HB overall=amber note=
[2025-10-05 22:16:42] HB overall=amber note=
[2025-10-05 22:17:14] HB overall=amber note=
[2025-10-05 22:17:46] HB overall=amber note=
[2025-10-05 22:18:18] HB overall=amber note=
[2025-10-05 22:18:50] HB overall=amber note=
[2025-10-05 22:19:22] HB overall=amber note=
[2025-10-05 22:19:54] HB overall=amber note=
[2025-10-05 22:20:26] HB overall=amber note=
[2025-10-05 22:20:58] HB overall=amber note=
[2025-10-05 22:21:30] HB overall=amber note=
[2025-10-05 22:22:02] HB overall=amber note=
[2025-10-05 22:22:34] HB overall=amber note=
[2025-10-05 22:23:07] HB overall=amber note=
[2025-10-05 22:23:39] HB overall=amber note=
[2025-10-05 22:24:11] HB overall=amber note=
[2025-10-05 22:24:43] HB overall=amber note=
[2025-10-05 22:25:15] HB overall=amber note=
[2025-10-05 22:25:47] HB overall=amber note=
[2025-10-05 22:26:19] HB overall=amber note=
[2025-10-05 22:26:51] HB overall=amber note=
[2025-10-05 22:27:23] HB overall=amber note=
[2025-10-05 22:27:55] HB overall=amber note=
[2025-10-05 22:28:27] HB overall=amber note=
[2025-10-05 22:28:59] HB overall=amber note=
[2025-10-05 22:29:31] HB overall=amber note=
[2025-10-05 22:30:06] HB overall=amber note=
[2025-10-05 22:30:38] HB overall=amber note=
[2025-10-05 22:31:10] HB overall=amber note=
[2025-10-05 22:31:42] HB overall=amber note=
[2025-10-05 22:32:15] HB overall=amber note=
[2025-10-05 22:32:47] HB overall=amber note=
[2025-10-05 22:33:19] HB overall=amber note=
[2025-10-05 22:33:51] HB overall=amber note=
[2025-10-05 22:34:23] HB overall=amber note=
[2025-10-05 22:34:55] HB overall=amber note=
[2025-10-05 22:35:27] HB overall=amber note=
[2025-10-05 22:35:59] HB overall=amber note=
[2025-10-05 22:36:31] HB overall=amber note=
[2025-10-05 22:37:03] HB overall=amber note=
[2025-10-05 22:37:35] HB overall=amber note=
[2025-10-05 22:38:07] HB overall=amber note=
[2025-10-05 22:38:39] HB overall=amber note=
[2025-10-05 22:39:11] HB overall=amber note=
[2025-10-05 22:39:44] HB overall=amber note=
[2025-10-05 22:40:16] HB overall=amber note=
[2025-10-05 22:40:48] HB overall=amber note=
[2025-10-05 22:41:20] HB overall=amber note=
[2025-10-05 22:41:52] HB overall=amber note=
[2025-10-05 22:42:24] HB overall=amber note=
[2025-10-05 22:42:56] HB overall=amber note=
[2025-10-05 22:43:28] HB overall=amber note=
[2025-10-05 22:44:00] HB overall=amber note=
[2025-10-05 22:44:32] HB overall=amber note=
[2025-10-05 22:45:05] HB overall=amber note=
[2025-10-05 22:45:37] HB overall=amber note=
[2025-10-05 22:46:09] HB overall=amber note=
[2025-10-05 22:46:42] HB overall=amber note=
[2025-10-05 22:47:14] HB overall=amber note=
[2025-10-05 22:47:46] HB overall=amber note=
[2025-10-05 22:48:18] HB overall=amber note=
[2025-10-05 22:48:50] HB overall=amber note=
[2025-10-05 22:49:22] HB overall=amber note=
[2025-10-05 22:49:54] HB overall=amber note=
[2025-10-05 22:50:26] HB overall=amber note=
[2025-10-05 22:50:58] HB overall=amber note=
[2025-10-05 22:51:30] HB overall=amber note=
[2025-10-05 22:52:02] HB overall=amber note=
[2025-10-05 22:52:34] HB overall=amber note=
[2025-10-05 22:53:06] HB overall=amber note=
[2025-10-05 22:53:38] HB overall=amber note=
[2025-10-05 22:54:10] HB overall=amber note=
[2025-10-05 22:54:43] HB overall=amber note=
[2025-10-05 22:55:15] HB overall=amber note=
[2025-10-05 22:55:47] HB overall=amber note=
[2025-10-05 22:56:19] HB overall=amber note=
[2025-10-05 22:56:51] HB overall=amber note=
[2025-10-05 22:57:23] HB overall=amber note=
[2025-10-05 22:57:55] HB overall=amber note=
[2025-10-05 22:58:27] HB overall=amber note=
[2025-10-05 22:58:59] HB overall=amber note=
[2025-10-05 22:59:31] HB overall=amber note=
[2025-10-05 23:00:09] HB overall=amber note=
[2025-10-05 23:00:42] HB overall=amber note=
[2025-10-05 23:01:15] HB overall=amber note=
[2025-10-05 23:01:47] HB overall=amber note=
[2025-10-05 23:02:19] HB overall=amber note=
[2025-10-05 23:02:51] HB overall=amber note=
[2025-10-05 23:03:23] HB overall=amber note=
[2025-10-05 23:03:55] HB overall=amber note=
[2025-10-05 23:04:27] HB overall=amber note=
[2025-10-05 23:05:00] HB overall=amber note=
[2025-10-05 23:05:32] HB overall=amber note=
[2025-10-05 23:06:04] HB overall=amber note=
[2025-10-05 23:06:36] HB overall=amber note=
[2025-10-05 23:07:09] HB overall=amber note=
[2025-10-05 23:07:40] HB overall=amber note=
[2025-10-05 23:08:12] HB overall=amber note=
[2025-10-05 23:08:44] HB overall=amber note=
[2025-10-05 23:09:16] HB overall=amber note=
[2025-10-05 23:09:48] HB overall=amber note=
[2025-10-05 23:10:20] HB overall=amber note=
[2025-10-05 23:10:53] HB overall=amber note=
[2025-10-05 23:11:25] HB overall=amber note=
[2025-10-05 23:11:57] HB overall=amber note=
[2025-10-05 23:12:29] HB overall=amber note=
[2025-10-05 23:13:01] HB overall=amber note=
[2025-10-05 23:13:34] HB overall=amber note=
[2025-10-05 23:14:06] HB overall=amber note=
[2025-10-05 23:14:37] HB overall=amber note=
[2025-10-05 23:15:09] HB overall=amber note=
[2025-10-05 23:15:41] HB overall=amber note=
[2025-10-05 23:16:13] HB overall=amber note=
[2025-10-05 23:16:46] HB overall=amber note=
[2025-10-05 23:17:18] HB overall=amber note=
[2025-10-05 23:17:50] HB overall=amber note=
[2025-10-05 23:18:22] HB overall=amber note=
[2025-10-05 23:18:54] HB overall=amber note=
[2025-10-05 23:19:26] HB overall=amber note=
[2025-10-05 23:19:58] HB overall=amber note=
[2025-10-05 23:20:30] HB overall=amber note=
[2025-10-05 23:21:02] HB overall=amber note=
[2025-10-05 23:21:35] HB overall=amber note=
[2025-10-05 23:22:07] HB overall=amber note=
[2025-10-05 23:22:39] HB overall=amber note=
[2025-10-05 23:23:11] HB overall=amber note=
[2025-10-05 23:23:43] HB overall=amber note=
[2025-10-05 23:24:15] HB overall=amber note=
[2025-10-05 23:24:47] HB overall=amber note=
[2025-10-05 23:25:20] HB overall=amber note=
[2025-10-05 23:25:52] HB overall=amber note=
[2025-10-05 23:26:24] HB overall=amber note=
[2025-10-05 23:26:56] HB overall=amber note=
[2025-10-05 23:27:28] HB overall=amber note=
[2025-10-05 23:28:00] HB overall=amber note=
[2025-10-05 23:28:32] HB overall=amber note=
[2025-10-05 23:29:04] HB overall=amber note=
[2025-10-05 23:29:36] HB overall=amber note=
[2025-10-05 23:30:09] HB overall=amber note=
[2025-10-05 23:30:41] HB overall=amber note=
[2025-10-05 23:31:13] HB overall=amber note=
[2025-10-05 23:31:46] HB overall=amber note=
[2025-10-05 23:32:18] HB overall=amber note=
[2025-10-05 23:32:50] HB overall=amber note=
[2025-10-05 23:33:22] HB overall=amber note=
[2025-10-05 23:33:54] HB overall=amber note=
[2025-10-05 23:34:26] HB overall=amber note=
[2025-10-05 23:34:58] HB overall=amber note=
[2025-10-05 23:35:30] HB overall=amber note=
[2025-10-05 23:36:03] HB overall=amber note=
[2025-10-05 23:36:35] HB overall=amber note=
[2025-10-05 23:37:07] HB overall=amber note=
[2025-10-05 23:37:39] HB overall=amber note=
[2025-10-05 23:38:11] HB overall=amber note=
[2025-10-05 23:38:43] HB overall=amber note=
[2025-10-05 23:39:15] HB overall=amber note=
[2025-10-05 23:39:47] HB overall=amber note=
[2025-10-05 23:40:20] HB overall=amber note=
[2025-10-05 23:40:52] HB overall=amber note=
[2025-10-05 23:41:24] HB overall=amber note=
[2025-10-05 23:41:56] HB overall=amber note=
[2025-10-05 23:42:28] HB overall=amber note=
[2025-10-05 23:43:00] HB overall=amber note=
[2025-10-05 23:43:32] HB overall=amber note=
[2025-10-05 23:44:04] HB overall=amber note=
[2025-10-05 23:44:36] HB overall=amber note=
[2025-10-05 23:45:08] HB overall=amber note=
[2025-10-05 23:45:40] HB overall=amber note=
[2025-10-05 23:46:12] HB overall=amber note=
[2025-10-05 23:46:44] HB overall=amber note=
[2025-10-05 23:47:16] HB overall=amber note=
[2025-10-05 23:47:48] HB overall=amber note=
[2025-10-05 23:48:20] HB overall=amber note=
[2025-10-05 23:48:52] HB overall=amber note=
[2025-10-05 23:49:25] HB overall=amber note=
[2025-10-05 23:49:57] HB overall=amber note=
[2025-10-05 23:50:29] HB overall=amber note=
[2025-10-05 23:51:01] HB overall=amber note=
[2025-10-05 23:51:33] HB overall=amber note=
[2025-10-05 23:52:05] HB overall=amber note=
[2025-10-05 23:52:37] HB overall=amber note=
[2025-10-05 23:53:09] HB overall=amber note=
[2025-10-05 23:53:41] HB overall=amber note=
[2025-10-05 23:54:13] HB overall=amber note=
[2025-10-05 23:54:45] HB overall=amber note=
[2025-10-05 23:55:17] HB overall=amber note=
[2025-10-05 23:55:49] HB overall=amber note=
[2025-10-05 23:56:21] HB overall=amber note=
[2025-10-05 23:56:53] HB overall=amber note=
[2025-10-05 23:57:25] HB overall=amber note=
[2025-10-05 23:57:57] HB overall=amber note=
[2025-10-05 23:58:29] HB overall=amber note=
[2025-10-05 23:59:01] HB overall=amber note=
[2025-10-05 23:59:34] HB overall=amber note=
[2025-10-06 00:00:09] HB overall=amber note=
[2025-10-06 00:00:42] HB overall=amber note=
[2025-10-06 00:01:14] HB overall=amber note=
[2025-10-06 00:01:46] HB overall=amber note=
[2025-10-06 00:02:18] HB overall=amber note=
[2025-10-06 00:02:51] HB overall=amber note=
[2025-10-06 00:03:23] HB overall=amber note=
[2025-10-06 00:03:55] HB overall=amber note=
[2025-10-06 00:04:27] HB overall=amber note=
[2025-10-06 00:05:00] HB overall=amber note=
[2025-10-06 00:05:32] HB overall=amber note=
[2025-10-06 00:06:04] HB overall=amber note=
[2025-10-06 00:06:36] HB overall=amber note=
[2025-10-06 00:07:08] HB overall=amber note=
[2025-10-06 00:07:40] HB overall=amber note=
[2025-10-06 00:08:12] HB overall=amber note=
[2025-10-06 00:08:44] HB overall=amber note=
[2025-10-06 00:09:16] HB overall=amber note=
[2025-10-06 00:09:48] HB overall=amber note=
[2025-10-06 00:10:21] HB overall=amber note=
[2025-10-06 00:10:53] HB overall=amber note=
[2025-10-06 00:11:25] HB overall=amber note=
[2025-10-06 00:11:57] HB overall=amber note=
[2025-10-06 00:12:29] HB overall=amber note=
[2025-10-06 00:13:01] HB overall=amber note=
[2025-10-06 00:13:33] HB overall=amber note=
[2025-10-06 00:14:05] HB overall=amber note=
[2025-10-06 00:14:37] HB overall=amber note=
[2025-10-06 00:15:10] HB overall=amber note=
[2025-10-06 00:15:42] HB overall=amber note=
[2025-10-06 00:16:14] HB overall=amber note=
[2025-10-06 00:16:46] HB overall=amber note=
[2025-10-06 00:17:18] HB overall=amber note=
[2025-10-06 00:17:50] HB overall=amber note=
[2025-10-06 00:18:22] HB overall=amber note=
[2025-10-06 00:18:55] HB overall=amber note=
[2025-10-06 00:19:27] HB overall=amber note=
[2025-10-06 00:19:59] HB overall=amber note=
[2025-10-06 00:20:31] HB overall=amber note=
[2025-10-06 00:21:03] HB overall=amber note=
[2025-10-06 00:21:35] HB overall=amber note=
[2025-10-06 00:22:07] HB overall=amber note=
[2025-10-06 00:22:39] HB overall=amber note=
[2025-10-06 00:23:11] HB overall=amber note=
[2025-10-06 00:23:43] HB overall=amber note=
[2025-10-06 00:24:15] HB overall=amber note=
[2025-10-06 00:24:47] HB overall=amber note=
[2025-10-06 00:25:20] HB overall=amber note=
[2025-10-06 00:25:52] HB overall=amber note=
[2025-10-06 00:26:24] HB overall=amber note=
[2025-10-06 00:26:56] HB overall=amber note=
[2025-10-06 00:27:28] HB overall=amber note=
[2025-10-06 00:28:00] HB overall=amber note=
[2025-10-06 00:28:32] HB overall=amber note=
[2025-10-06 00:29:04] HB overall=amber note=
[2025-10-06 00:29:36] HB overall=amber note=
[2025-10-06 00:30:11] HB overall=amber note=
[2025-10-06 00:30:43] HB overall=amber note=
[2025-10-06 00:31:16] HB overall=amber note=
[2025-10-06 00:31:48] HB overall=amber note=
[2025-10-06 00:32:20] HB overall=amber note=
[2025-10-06 00:32:52] HB overall=amber note=
[2025-10-06 00:33:24] HB overall=amber note=
[2025-10-06 00:33:56] HB overall=amber note=
[2025-10-06 00:34:28] HB overall=amber note=
[2025-10-06 00:35:02] HB overall=amber note=
[2025-10-06 00:35:34] HB overall=amber note=
[2025-10-06 00:36:06] HB overall=amber note=
[2025-10-06 00:36:38] HB overall=amber note=
[2025-10-06 00:37:10] HB overall=amber note=
[2025-10-06 00:37:42] HB overall=amber note=
[2025-10-06 00:38:14] HB overall=amber note=
[2025-10-06 00:38:46] HB overall=amber note=
[2025-10-06 00:39:18] HB overall=amber note=
[2025-10-06 00:39:50] HB overall=amber note=
[2025-10-06 00:40:23] HB overall=amber note=
[2025-10-06 00:40:55] HB overall=amber note=
[2025-10-06 00:41:27] HB overall=amber note=
[2025-10-06 00:41:59] HB overall=amber note=
[2025-10-06 00:42:31] HB overall=amber note=
[2025-10-06 00:43:03] HB overall=amber note=
[2025-10-06 00:43:35] HB overall=amber note=
[2025-10-06 00:44:07] HB overall=amber note=
[2025-10-06 00:44:39] HB overall=amber note=
[2025-10-06 00:45:11] HB overall=amber note=
[2025-10-06 00:45:43] HB overall=amber note=
[2025-10-06 00:46:16] HB overall=amber note=
[2025-10-06 00:46:48] HB overall=amber note=
[2025-10-06 00:47:20] HB overall=amber note=
[2025-10-06 00:47:52] HB overall=amber note=
[2025-10-06 00:48:24] HB overall=amber note=
[2025-10-06 00:48:56] HB overall=amber note=
[2025-10-06 00:49:28] HB overall=amber note=
[2025-10-06 00:50:02] HB overall=amber note=
[2025-10-06 00:50:34] HB overall=amber note=
[2025-10-06 00:51:06] HB overall=amber note=
[2025-10-06 00:51:38] HB overall=amber note=
[2025-10-06 00:52:11] HB overall=amber note=
[2025-10-06 00:52:43] HB overall=amber note=
[2025-10-06 00:53:15] HB overall=amber note=
[2025-10-06 00:53:47] HB overall=amber note=
[2025-10-06 00:54:19] HB overall=amber note=
[2025-10-06 00:54:51] HB overall=amber note=
[2025-10-06 00:55:23] HB overall=amber note=
[2025-10-06 00:55:55] HB overall=amber note=
[2025-10-06 00:56:27] HB overall=amber note=
[2025-10-06 00:56:59] HB overall=amber note=
[2025-10-06 00:57:31] HB overall=amber note=
[2025-10-06 00:58:04] HB overall=amber note=
[2025-10-06 00:58:36] HB overall=amber note=
[2025-10-06 00:59:08] HB overall=amber note=
[2025-10-06 00:59:40] HB overall=amber note=
[2025-10-06 01:00:15] HB overall=amber note=
[2025-10-06 01:00:47] HB overall=amber note=
[2025-10-06 01:01:19] HB overall=amber note=
[2025-10-06 01:01:51] HB overall=amber note=
[2025-10-06 01:02:24] HB overall=amber note=
[2025-10-06 01:02:56] HB overall=amber note=
[2025-10-06 01:03:28] HB overall=amber note=
[2025-10-06 01:04:00] HB overall=amber note=
[2025-10-06 01:04:32] HB overall=amber note=
[2025-10-06 01:05:05] HB overall=amber note=
[2025-10-06 01:05:37] HB overall=amber note=
[2025-10-06 01:06:09] HB overall=amber note=
[2025-10-06 01:06:41] HB overall=amber note=
[2025-10-06 01:07:13] HB overall=amber note=
[2025-10-06 01:07:46] HB overall=amber note=
[2025-10-06 01:08:18] HB overall=amber note=
[2025-10-06 01:08:50] HB overall=amber note=
[2025-10-06 01:09:22] HB overall=amber note=
[2025-10-06 01:09:54] HB overall=amber note=
[2025-10-06 01:10:26] HB overall=amber note=
[2025-10-06 01:10:58] HB overall=amber note=
[2025-10-06 01:11:31] HB overall=amber note=
[2025-10-06 01:12:03] HB overall=amber note=
[2025-10-06 01:12:35] HB overall=amber note=
[2025-10-06 01:13:07] HB overall=amber note=
[2025-10-06 01:13:39] HB overall=amber note=
[2025-10-06 01:14:11] HB overall=amber note=
[2025-10-06 01:14:43] HB overall=amber note=
[2025-10-06 01:15:15] HB overall=amber note=
[2025-10-06 01:15:47] HB overall=amber note=
[2025-10-06 01:16:19] HB overall=amber note=
[2025-10-06 01:16:51] HB overall=amber note=
[2025-10-06 01:17:23] HB overall=amber note=
[2025-10-06 01:17:56] HB overall=amber note=
[2025-10-06 01:18:28] HB overall=amber note=
[2025-10-06 01:19:00] HB overall=amber note=
[2025-10-06 01:19:32] HB overall=amber note=
[2025-10-06 01:20:05] HB overall=amber note=
[2025-10-06 01:20:37] HB overall=amber note=
[2025-10-06 01:21:09] HB overall=amber note=
[2025-10-06 01:21:41] HB overall=amber note=
[2025-10-06 01:22:13] HB overall=amber note=
[2025-10-06 01:22:45] HB overall=amber note=
[2025-10-06 01:23:17] HB overall=amber note=
[2025-10-06 01:23:50] HB overall=amber note=
[2025-10-06 01:24:22] HB overall=amber note=
[2025-10-06 01:24:54] HB overall=amber note=
[2025-10-06 01:25:26] HB overall=amber note=
[2025-10-06 01:25:58] HB overall=amber note=
[2025-10-06 01:26:30] HB overall=amber note=
[2025-10-06 01:27:02] HB overall=amber note=
[2025-10-06 01:27:34] HB overall=amber note=
[2025-10-06 01:28:06] HB overall=amber note=
[2025-10-06 01:28:38] HB overall=amber note=
[2025-10-06 01:29:10] HB overall=amber note=
[2025-10-06 01:29:42] HB overall=amber note=
[2025-10-06 01:30:15] HB overall=amber note=
[2025-10-06 01:30:47] HB overall=amber note=
[2025-10-06 01:31:19] HB overall=amber note=
[2025-10-06 01:31:51] HB overall=amber note=
[2025-10-06 01:32:23] HB overall=amber note=
[2025-10-06 01:32:55] HB overall=amber note=
[2025-10-06 01:33:28] HB overall=amber note=
[2025-10-06 01:34:00] HB overall=amber note=
[2025-10-06 01:34:32] HB overall=amber note=
[2025-10-06 01:35:05] HB overall=amber note=
[2025-10-06 01:35:37] HB overall=amber note=
[2025-10-06 01:36:09] HB overall=amber note=
[2025-10-06 01:36:41] HB overall=amber note=
[2025-10-06 01:37:13] HB overall=amber note=
[2025-10-06 01:37:45] HB overall=amber note=
[2025-10-06 01:38:17] HB overall=amber note=
[2025-10-06 01:38:49] HB overall=amber note=
[2025-10-06 01:39:21] HB overall=amber note=
[2025-10-06 01:39:53] HB overall=amber note=
[2025-10-06 01:40:25] HB overall=amber note=
[2025-10-06 01:40:58] HB overall=amber note=
[2025-10-06 01:41:30] HB overall=amber note=
[2025-10-06 01:42:02] HB overall=amber note=
[2025-10-06 01:42:34] HB overall=amber note=
[2025-10-06 01:43:06] HB overall=amber note=
[2025-10-06 01:43:38] HB overall=amber note=
[2025-10-06 01:44:10] HB overall=amber note=
[2025-10-06 01:44:42] HB overall=amber note=
[2025-10-06 01:45:14] HB overall=amber note=
[2025-10-06 01:45:46] HB overall=amber note=
[2025-10-06 01:46:18] HB overall=amber note=
[2025-10-06 01:46:51] HB overall=amber note=
[2025-10-06 01:47:23] HB overall=amber note=
[2025-10-06 01:47:55] HB overall=amber note=
[2025-10-06 01:48:27] HB overall=amber note=
[2025-10-06 01:48:59] HB overall=amber note=
[2025-10-06 01:49:31] HB overall=amber note=
[2025-10-06 01:50:04] HB overall=amber note=
[2025-10-06 01:50:36] HB overall=amber note=
[2025-10-06 01:51:08] HB overall=amber note=
[2025-10-06 01:51:40] HB overall=amber note=
[2025-10-06 01:52:12] HB overall=amber note=
[2025-10-06 01:52:44] HB overall=amber note=
[2025-10-06 01:53:17] HB overall=amber note=
[2025-10-06 01:53:49] HB overall=amber note=
[2025-10-06 01:54:21] HB overall=amber note=
[2025-10-06 01:54:53] HB overall=amber note=
[2025-10-06 01:55:25] HB overall=amber note=
[2025-10-06 01:55:57] HB overall=amber note=
[2025-10-06 01:56:29] HB overall=amber note=
[2025-10-06 01:57:01] HB overall=amber note=
[2025-10-06 01:57:33] HB overall=amber note=
[2025-10-06 01:58:05] HB overall=amber note=
[2025-10-06 01:58:37] HB overall=amber note=
[2025-10-06 01:59:09] HB overall=amber note=
[2025-10-06 01:59:42] HB overall=amber note=
[2025-10-06 02:00:16] HB overall=amber note=
[2025-10-06 02:00:48] HB overall=amber note=
[2025-10-06 02:01:20] HB overall=amber note=
[2025-10-06 02:01:52] HB overall=amber note=
[2025-10-06 02:02:25] HB overall=amber note=
[2025-10-06 02:02:57] HB overall=amber note=
[2025-10-06 02:03:29] HB overall=amber note=
[2025-10-06 02:04:01] HB overall=amber note=
[2025-10-06 02:04:34] HB overall=amber note=
[2025-10-06 02:05:06] HB overall=amber note=
[2025-10-06 02:05:39] HB overall=amber note=
[2025-10-06 02:06:11] HB overall=amber note=
[2025-10-06 02:06:43] HB overall=amber note=
[2025-10-06 02:07:15] HB overall=amber note=
[2025-10-06 02:07:47] HB overall=amber note=
[2025-10-06 02:08:19] HB overall=amber note=
[2025-10-06 02:08:51] HB overall=amber note=
[2025-10-06 02:09:23] HB overall=amber note=
[2025-10-06 02:09:55] HB overall=amber note=
[2025-10-06 02:10:27] HB overall=amber note=
[2025-10-06 02:11:00] HB overall=amber note=
[2025-10-06 02:11:32] HB overall=amber note=
[2025-10-06 02:12:04] HB overall=amber note=
[2025-10-06 02:12:36] HB overall=amber note=
[2025-10-06 02:13:08] HB overall=amber note=
[2025-10-06 02:13:40] HB overall=amber note=
[2025-10-06 02:14:12] HB overall=amber note=
[2025-10-06 02:14:44] HB overall=amber note=
[2025-10-06 02:15:16] HB overall=amber note=
[2025-10-06 02:15:48] HB overall=amber note=
[2025-10-06 02:16:21] HB overall=amber note=
[2025-10-06 02:16:53] HB overall=amber note=
[2025-10-06 02:17:25] HB overall=amber note=
[2025-10-06 02:17:57] HB overall=amber note=
[2025-10-06 02:18:29] HB overall=amber note=
[2025-10-06 02:19:01] HB overall=amber note=
[2025-10-06 02:19:33] HB overall=amber note=
[2025-10-06 02:20:05] HB overall=amber note=
[2025-10-06 02:20:37] HB overall=amber note=
[2025-10-06 02:21:09] HB overall=amber note=
[2025-10-06 02:21:41] HB overall=amber note=
[2025-10-06 02:22:13] HB overall=amber note=
[2025-10-06 02:22:45] HB overall=amber note=
[2025-10-06 02:23:17] HB overall=amber note=
[2025-10-06 02:23:49] HB overall=amber note=
[2025-10-06 02:24:21] HB overall=amber note=
[2025-10-06 02:24:53] HB overall=amber note=
[2025-10-06 02:25:25] HB overall=amber note=
[2025-10-06 02:25:57] HB overall=amber note=
[2025-10-06 02:26:29] HB overall=amber note=
[2025-10-06 02:27:01] HB overall=amber note=
[2025-10-06 02:27:33] HB overall=amber note=
[2025-10-06 02:28:05] HB overall=amber note=
[2025-10-06 02:28:37] HB overall=amber note=
[2025-10-06 02:29:09] HB overall=amber note=
[2025-10-06 02:29:42] HB overall=amber note=
[2025-10-06 02:30:14] HB overall=amber note=
[2025-10-06 02:30:46] HB overall=amber note=
[2025-10-06 02:31:18] HB overall=amber note=
[2025-10-06 02:31:51] HB overall=amber note=
[2025-10-06 02:32:23] HB overall=amber note=
[2025-10-06 02:32:55] HB overall=amber note=
[2025-10-06 02:33:27] HB overall=amber note=
[2025-10-06 02:33:59] HB overall=amber note=
[2025-10-06 02:34:31] HB overall=amber note=
[2025-10-06 02:35:05] HB overall=amber note=
[2025-10-06 02:35:37] HB overall=amber note=
[2025-10-06 02:36:09] HB overall=amber note=
[2025-10-06 02:36:41] HB overall=amber note=
[2025-10-06 02:37:13] HB overall=amber note=
[2025-10-06 02:37:45] HB overall=amber note=
[2025-10-06 02:38:17] HB overall=amber note=
[2025-10-06 02:38:49] HB overall=amber note=
[2025-10-06 02:39:21] HB overall=amber note=
[2025-10-06 02:39:53] HB overall=amber note=
[2025-10-06 02:40:25] HB overall=amber note=
[2025-10-06 02:40:57] HB overall=amber note=
[2025-10-06 02:41:30] HB overall=amber note=
[2025-10-06 02:42:02] HB overall=amber note=
[2025-10-06 02:42:34] HB overall=amber note=
[2025-10-06 02:43:06] HB overall=amber note=
[2025-10-06 02:43:38] HB overall=amber note=
[2025-10-06 02:44:10] HB overall=amber note=
[2025-10-06 02:44:42] HB overall=amber note=
[2025-10-06 02:45:14] HB overall=amber note=
[2025-10-06 02:45:46] HB overall=amber note=
[2025-10-06 02:46:18] HB overall=amber note=
[2025-10-06 02:46:50] HB overall=amber note=
[2025-10-06 02:47:22] HB overall=amber note=
[2025-10-06 02:47:55] HB overall=amber note=
[2025-10-06 02:48:27] HB overall=amber note=
[2025-10-06 02:48:59] HB overall=amber note=
[2025-10-06 02:49:31] HB overall=amber note=
[2025-10-06 02:50:04] HB overall=amber note=
[2025-10-06 02:50:36] HB overall=amber note=
[2025-10-06 02:51:08] HB overall=amber note=
[2025-10-06 02:51:40] HB overall=amber note=
[2025-10-06 02:52:12] HB overall=amber note=
[2025-10-06 02:52:45] HB overall=amber note=
[2025-10-06 02:53:17] HB overall=amber note=
[2025-10-06 02:53:49] HB overall=amber note=
[2025-10-06 02:54:21] HB overall=amber note=
[2025-10-06 02:54:53] HB overall=amber note=
[2025-10-06 02:55:25] HB overall=amber note=
[2025-10-06 02:55:57] HB overall=amber note=
[2025-10-06 02:56:29] HB overall=amber note=
[2025-10-06 02:57:01] HB overall=amber note=
[2025-10-06 02:57:33] HB overall=amber note=
[2025-10-06 02:58:05] HB overall=amber note=
[2025-10-06 02:58:37] HB overall=amber note=
[2025-10-06 02:59:09] HB overall=amber note=
[2025-10-06 02:59:41] HB overall=amber note=
[2025-10-06 03:00:16] HB overall=amber note=
[2025-10-06 03:00:49] HB overall=amber note=
[2025-10-06 03:01:22] HB overall=amber note=
[2025-10-06 03:01:54] HB overall=amber note=
[2025-10-06 03:02:26] HB overall=amber note=
[2025-10-06 03:02:58] HB overall=amber note=
[2025-10-06 03:03:30] HB overall=amber note=
[2025-10-06 03:04:02] HB overall=amber note=
[2025-10-06 03:04:35] HB overall=amber note=
[2025-10-06 03:05:07] HB overall=amber note=
[2025-10-06 03:05:39] HB overall=amber note=
[2025-10-06 03:06:11] HB overall=amber note=
[2025-10-06 03:06:44] HB overall=amber note=
[2025-10-06 03:07:16] HB overall=amber note=
[2025-10-06 03:07:48] HB overall=amber note=
[2025-10-06 03:08:20] HB overall=amber note=
[2025-10-06 03:08:52] HB overall=amber note=
[2025-10-06 03:09:24] HB overall=amber note=
[2025-10-06 03:09:56] HB overall=amber note=
[2025-10-06 03:10:28] HB overall=amber note=
[2025-10-06 03:11:00] HB overall=amber note=
[2025-10-06 03:11:32] HB overall=amber note=
[2025-10-06 03:12:04] HB overall=amber note=
[2025-10-06 03:12:36] HB overall=amber note=
[2025-10-06 03:13:09] HB overall=amber note=
[2025-10-06 03:13:41] HB overall=amber note=
[2025-10-06 03:14:13] HB overall=amber note=
[2025-10-06 03:14:45] HB overall=amber note=
[2025-10-06 03:15:17] HB overall=amber note=
[2025-10-06 03:15:49] HB overall=amber note=
[2025-10-06 03:16:21] HB overall=amber note=
[2025-10-06 03:16:53] HB overall=amber note=
[2025-10-06 03:17:25] HB overall=amber note=
[2025-10-06 03:17:57] HB overall=amber note=
[2025-10-06 03:18:29] HB overall=amber note=
[2025-10-06 03:19:01] HB overall=amber note=
[2025-10-06 03:19:34] HB overall=amber note=
[2025-10-06 03:20:06] HB overall=amber note=
[2025-10-06 03:20:38] HB overall=amber note=
[2025-10-06 03:21:10] HB overall=amber note=
[2025-10-06 03:21:42] HB overall=amber note=
[2025-10-06 03:22:14] HB overall=amber note=
[2025-10-06 03:22:46] HB overall=amber note=
[2025-10-06 03:23:18] HB overall=amber note=
[2025-10-06 03:23:50] HB overall=amber note=
[2025-10-06 03:24:22] HB overall=amber note=
[2025-10-06 03:24:54] HB overall=amber note=
[2025-10-06 03:25:27] HB overall=amber note=
[2025-10-06 03:25:59] HB overall=amber note=
[2025-10-06 03:26:31] HB overall=amber note=
[2025-10-06 03:27:03] HB overall=amber note=
[2025-10-06 03:27:35] HB overall=amber note=
[2025-10-06 03:28:07] HB overall=amber note=
[2025-10-06 03:28:39] HB overall=amber note=
[2025-10-06 03:29:12] HB overall=amber note=
[2025-10-06 03:29:44] HB overall=amber note=
[2025-10-06 03:30:16] HB overall=amber note=
[2025-10-06 03:30:48] HB overall=amber note=
[2025-10-06 03:31:20] HB overall=amber note=
[2025-10-06 03:31:52] HB overall=amber note=
[2025-10-06 03:32:24] HB overall=amber note=
[2025-10-06 03:32:56] HB overall=amber note=
[2025-10-06 03:33:29] HB overall=amber note=
[2025-10-06 03:34:01] HB overall=amber note=
[2025-10-06 03:34:33] HB overall=amber note=
[2025-10-06 03:35:06] HB overall=amber note=
[2025-10-06 03:35:38] HB overall=amber note=
[2025-10-06 03:36:10] HB overall=amber note=
[2025-10-06 03:36:42] HB overall=amber note=
[2025-10-06 03:37:14] HB overall=amber note=
[2025-10-06 03:37:46] HB overall=amber note=
[2025-10-06 03:38:18] HB overall=amber note=
[2025-10-06 03:38:50] HB overall=amber note=
[2025-10-06 03:39:22] HB overall=amber note=
[2025-10-06 03:39:54] HB overall=amber note=
[2025-10-06 03:40:26] HB overall=amber note=
[2025-10-06 03:40:58] HB overall=amber note=
[2025-10-06 03:41:30] HB overall=amber note=
[2025-10-06 03:42:02] HB overall=amber note=
[2025-10-06 03:42:35] HB overall=amber note=
[2025-10-06 03:43:07] HB overall=amber note=
[2025-10-06 03:43:39] HB overall=amber note=
[2025-10-06 03:44:11] HB overall=amber note=
[2025-10-06 03:44:43] HB overall=amber note=
[2025-10-06 03:45:15] HB overall=amber note=
[2025-10-06 03:45:47] HB overall=amber note=
[2025-10-06 03:46:19] HB overall=amber note=
[2025-10-06 03:46:52] HB overall=amber note=
[2025-10-06 03:47:24] HB overall=amber note=
[2025-10-06 03:47:56] HB overall=amber note=
[2025-10-06 03:48:28] HB overall=amber note=
[2025-10-06 03:49:00] HB overall=amber note=
[2025-10-06 03:49:32] HB overall=amber note=
[2025-10-06 03:50:05] HB overall=amber note=
[2025-10-06 03:50:37] HB overall=amber note=
[2025-10-06 03:51:08] HB overall=amber note=
[2025-10-06 03:51:40] HB overall=amber note=
[2025-10-06 03:52:12] HB overall=amber note=
[2025-10-06 03:52:44] HB overall=amber note=
[2025-10-06 03:53:16] HB overall=amber note=
[2025-10-06 03:53:49] HB overall=amber note=
[2025-10-06 03:54:21] HB overall=amber note=
[2025-10-06 03:54:53] HB overall=amber note=
[2025-10-06 03:55:25] HB overall=amber note=
[2025-10-06 03:55:57] HB overall=amber note=
[2025-10-06 03:56:29] HB overall=amber note=
[2025-10-06 03:57:01] HB overall=amber note=
[2025-10-06 03:57:33] HB overall=amber note=
[2025-10-06 03:58:06] HB overall=amber note=
[2025-10-06 03:58:38] HB overall=amber note=
[2025-10-06 03:59:10] HB overall=amber note=
[2025-10-06 03:59:42] HB overall=amber note=
[2025-10-06 04:00:16] HB overall=amber note=
[2025-10-06 04:00:48] HB overall=amber note=
[2025-10-06 04:01:21] HB overall=amber note=
[2025-10-06 04:01:53] HB overall=amber note=
[2025-10-06 04:02:25] HB overall=amber note=
[2025-10-06 04:02:57] HB overall=amber note=
[2025-10-06 04:03:30] HB overall=amber note=
[2025-10-06 04:04:02] HB overall=amber note=
[2025-10-06 04:04:34] HB overall=amber note=
[2025-10-06 04:05:06] HB overall=amber note=
[2025-10-06 04:05:38] HB overall=amber note=
[2025-10-06 04:06:10] HB overall=amber note=
[2025-10-06 04:06:42] HB overall=amber note=
[2025-10-06 04:07:15] HB overall=amber note=
[2025-10-06 04:07:47] HB overall=amber note=
[2025-10-06 04:08:19] HB overall=amber note=
[2025-10-06 04:08:51] HB overall=amber note=
[2025-10-06 04:09:23] HB overall=amber note=
[2025-10-06 04:09:55] HB overall=amber note=
[2025-10-06 04:10:27] HB overall=amber note=
[2025-10-06 04:11:00] HB overall=amber note=
[2025-10-06 04:11:32] HB overall=amber note=
[2025-10-06 04:12:04] HB overall=amber note=
[2025-10-06 04:12:36] HB overall=amber note=
[2025-10-06 04:13:08] HB overall=amber note=
[2025-10-06 04:13:40] HB overall=amber note=
[2025-10-06 04:14:12] HB overall=amber note=
[2025-10-06 04:14:45] HB overall=amber note=
[2025-10-06 04:15:17] HB overall=amber note=
[2025-10-06 04:15:49] HB overall=amber note=
[2025-10-06 04:16:21] HB overall=amber note=
[2025-10-06 04:16:53] HB overall=amber note=
[2025-10-06 04:17:25] HB overall=amber note=
[2025-10-06 04:17:57] HB overall=amber note=
[2025-10-06 04:18:29] HB overall=amber note=
[2025-10-06 04:19:01] HB overall=amber note=
[2025-10-06 04:19:33] HB overall=amber note=
[2025-10-06 04:20:06] HB overall=amber note=
[2025-10-06 04:20:38] HB overall=amber note=
[2025-10-06 04:21:10] HB overall=amber note=
[2025-10-06 04:21:42] HB overall=amber note=
[2025-10-06 04:22:14] HB overall=amber note=
[2025-10-06 04:22:46] HB overall=amber note=
[2025-10-06 04:23:18] HB overall=amber note=
[2025-10-06 04:23:50] HB overall=amber note=
[2025-10-06 04:24:22] HB overall=amber note=
[2025-10-06 04:24:54] HB overall=amber note=
[2025-10-06 04:25:27] HB overall=amber note=
[2025-10-06 04:25:59] HB overall=amber note=
[2025-10-06 04:26:31] HB overall=amber note=
[2025-10-06 04:27:03] HB overall=amber note=
[2025-10-06 04:27:35] HB overall=amber note=
[2025-10-06 04:28:07] HB overall=amber note=
[2025-10-06 04:28:39] HB overall=amber note=
[2025-10-06 04:29:11] HB overall=amber note=
[2025-10-06 04:29:43] HB overall=amber note=
[2025-10-06 04:30:17] HB overall=amber note=
[2025-10-06 04:30:49] HB overall=amber note=
[2025-10-06 04:31:21] HB overall=amber note=
[2025-10-06 04:31:54] HB overall=amber note=
[2025-10-06 04:32:26] HB overall=amber note=
[2025-10-06 04:32:58] HB overall=amber note=
[2025-10-06 04:33:30] HB overall=amber note=
[2025-10-06 04:34:02] HB overall=amber note=
[2025-10-06 04:34:34] HB overall=amber note=
[2025-10-06 04:35:07] HB overall=amber note=
[2025-10-06 04:35:39] HB overall=amber note=
[2025-10-06 04:36:11] HB overall=amber note=
[2025-10-06 04:36:43] HB overall=amber note=
[2025-10-06 04:37:15] HB overall=amber note=
[2025-10-06 04:37:47] HB overall=amber note=
[2025-10-06 04:38:19] HB overall=amber note=
[2025-10-06 04:38:52] HB overall=amber note=
[2025-10-06 04:39:24] HB overall=amber note=
[2025-10-06 04:39:56] HB overall=amber note=
[2025-10-06 04:40:28] HB overall=amber note=
[2025-10-06 04:41:00] HB overall=amber note=
[2025-10-06 04:41:32] HB overall=amber note=
[2025-10-06 04:42:04] HB overall=amber note=
[2025-10-06 04:42:36] HB overall=amber note=
[2025-10-06 04:43:08] HB overall=amber note=
[2025-10-06 04:43:40] HB overall=amber note=
[2025-10-06 04:44:12] HB overall=amber note=
[2025-10-06 04:44:45] HB overall=amber note=
[2025-10-06 04:45:17] HB overall=amber note=
[2025-10-06 04:45:49] HB overall=amber note=
[2025-10-06 04:46:21] HB overall=amber note=
[2025-10-06 04:46:53] HB overall=amber note=
[2025-10-06 04:47:25] HB overall=amber note=
[2025-10-06 04:47:57] HB overall=amber note=
[2025-10-06 04:48:29] HB overall=amber note=
[2025-10-06 04:49:01] HB overall=amber note=
[2025-10-06 04:49:33] HB overall=amber note=
[2025-10-06 04:50:06] HB overall=amber note=
[2025-10-06 04:50:38] HB overall=amber note=
[2025-10-06 04:51:10] HB overall=amber note=
[2025-10-06 04:51:42] HB overall=amber note=
[2025-10-06 04:52:15] HB overall=amber note=
[2025-10-06 04:52:47] HB overall=amber note=
[2025-10-06 04:53:19] HB overall=amber note=
[2025-10-06 04:53:51] HB overall=amber note=
[2025-10-06 04:54:23] HB overall=amber note=
[2025-10-06 04:54:55] HB overall=amber note=
[2025-10-06 04:55:28] HB overall=amber note=
[2025-10-06 04:56:00] HB overall=amber note=
[2025-10-06 04:56:32] HB overall=amber note=
[2025-10-06 04:57:04] HB overall=amber note=
[2025-10-06 04:57:36] HB overall=amber note=
[2025-10-06 04:58:08] HB overall=amber note=
[2025-10-06 04:58:40] HB overall=amber note=
[2025-10-06 04:59:13] HB overall=amber note=
[2025-10-06 04:59:45] HB overall=amber note=
[2025-10-06 05:00:20] HB overall=amber note=
[2025-10-06 05:00:52] HB overall=amber note=
[2025-10-06 05:01:25] HB overall=amber note=
[2025-10-06 05:01:57] HB overall=amber note=
[2025-10-06 05:02:29] HB overall=amber note=
[2025-10-06 05:03:01] HB overall=amber note=
[2025-10-06 05:03:34] HB overall=amber note=
[2025-10-06 05:04:06] HB overall=amber note=
[2025-10-06 05:04:38] HB overall=amber note=
[2025-10-06 05:05:10] HB overall=amber note=
[2025-10-06 05:05:42] HB overall=amber note=
[2025-10-06 05:06:14] HB overall=amber note=
[2025-10-06 05:06:46] HB overall=amber note=
[2025-10-06 05:07:18] HB overall=amber note=
[2025-10-06 05:07:51] HB overall=amber note=
[2025-10-06 05:08:23] HB overall=amber note=
[2025-10-06 05:08:55] HB overall=amber note=
[2025-10-06 05:09:27] HB overall=amber note=
[2025-10-06 05:10:01] HB overall=amber note=
[2025-10-06 05:10:33] HB overall=amber note=
[2025-10-06 05:11:05] HB overall=amber note=
[2025-10-06 05:11:38] HB overall=amber note=
[2025-10-06 05:12:10] HB overall=amber note=
[2025-10-06 05:12:42] HB overall=amber note=
[2025-10-06 05:13:14] HB overall=amber note=
[2025-10-06 05:13:46] HB overall=amber note=
[2025-10-06 05:14:18] HB overall=amber note=
[2025-10-06 05:14:50] HB overall=amber note=
[2025-10-06 05:15:22] HB overall=amber note=
[2025-10-06 05:15:55] HB overall=amber note=
[2025-10-06 05:16:27] HB overall=amber note=
[2025-10-06 05:16:59] HB overall=amber note=
[2025-10-06 05:17:31] HB overall=amber note=
[2025-10-06 05:18:03] HB overall=amber note=
[2025-10-06 05:18:35] HB overall=amber note=
[2025-10-06 05:19:07] HB overall=amber note=
[2025-10-06 05:19:40] HB overall=amber note=
[2025-10-06 05:20:12] HB overall=amber note=
[2025-10-06 05:20:44] HB overall=amber note=
[2025-10-06 05:21:16] HB overall=amber note=
[2025-10-06 05:21:48] HB overall=amber note=
[2025-10-06 05:22:20] HB overall=amber note=
[2025-10-06 05:22:53] HB overall=amber note=
[2025-10-06 05:23:25] HB overall=amber note=
[2025-10-06 05:23:57] HB overall=amber note=
[2025-10-06 05:24:29] HB overall=amber note=
[2025-10-06 05:25:03] HB overall=amber note=
[2025-10-06 05:25:35] HB overall=amber note=
[2025-10-06 05:26:07] HB overall=amber note=
[2025-10-06 05:26:40] HB overall=amber note=
[2025-10-06 05:27:12] HB overall=amber note=
[2025-10-06 05:27:44] HB overall=amber note=
[2025-10-06 05:28:16] HB overall=amber note=
[2025-10-06 05:28:48] HB overall=amber note=
[2025-10-06 05:29:21] HB overall=amber note=
[2025-10-06 05:29:53] HB overall=amber note=
[2025-10-06 05:30:25] HB overall=amber note=
[2025-10-06 05:30:57] HB overall=amber note=
[2025-10-06 05:31:30] HB overall=amber note=
[2025-10-06 05:32:02] HB overall=amber note=
[2025-10-06 05:32:34] HB overall=amber note=
[2025-10-06 05:33:06] HB overall=amber note=
[2025-10-06 05:33:38] HB overall=amber note=
[2025-10-06 05:34:10] HB overall=amber note=
[2025-10-06 05:34:42] HB overall=amber note=
[2025-10-06 05:35:14] HB overall=amber note=
[2025-10-06 05:35:46] HB overall=amber note=
[2025-10-06 05:36:18] HB overall=amber note=
[2025-10-06 05:36:50] HB overall=amber note=
[2025-10-06 05:37:23] HB overall=amber note=
[2025-10-06 05:37:55] HB overall=amber note=
[2025-10-06 05:38:27] HB overall=amber note=
[2025-10-06 05:38:59] HB overall=amber note=
[2025-10-06 05:39:31] HB overall=amber note=
[2025-10-06 05:40:05] HB overall=amber note=
[2025-10-06 05:40:37] HB overall=amber note=
[2025-10-06 05:41:09] HB overall=amber note=
[2025-10-06 05:41:41] HB overall=amber note=
[2025-10-06 05:42:14] HB overall=amber note=
[2025-10-06 05:42:46] HB overall=amber note=
[2025-10-06 05:43:18] HB overall=amber note=
[2025-10-06 05:43:50] HB overall=amber note=
[2025-10-06 05:44:22] HB overall=amber note=
[2025-10-06 05:44:54] HB overall=amber note=
[2025-10-06 05:45:26] HB overall=amber note=
[2025-10-06 05:45:58] HB overall=amber note=
[2025-10-06 05:46:30] HB overall=amber note=
[2025-10-06 05:47:03] HB overall=amber note=
[2025-10-06 05:47:35] HB overall=amber note=
[2025-10-06 05:48:07] HB overall=amber note=
[2025-10-06 05:48:39] HB overall=amber note=
[2025-10-06 05:49:11] HB overall=amber note=
[2025-10-06 05:49:43] HB overall=amber note=
[2025-10-06 05:50:15] HB overall=amber note=
[2025-10-06 05:50:47] HB overall=amber note=
[2025-10-06 05:51:19] HB overall=amber note=
[2025-10-06 05:51:51] HB overall=amber note=
[2025-10-06 05:52:23] HB overall=amber note=
[2025-10-06 05:52:55] HB overall=amber note=
[2025-10-06 05:53:27] HB overall=amber note=
[2025-10-06 05:53:59] HB overall=amber note=
[2025-10-06 05:54:31] HB overall=amber note=
[2025-10-06 05:55:05] HB overall=amber note=
[2025-10-06 05:55:37] HB overall=amber note=
[2025-10-06 05:56:09] HB overall=amber note=
[2025-10-06 05:56:41] HB overall=amber note=
[2025-10-06 05:57:13] HB overall=amber note=
[2025-10-06 05:57:45] HB overall=amber note=
[2025-10-06 05:58:17] HB overall=amber note=
[2025-10-06 05:58:49] HB overall=amber note=
[2025-10-06 05:59:21] HB overall=amber note=
[2025-10-06 05:59:54] HB overall=amber note=
[2025-10-06 06:00:26] HB overall=amber note=
[2025-10-06 06:00:58] HB overall=amber note=
[2025-10-06 06:01:30] HB overall=amber note=
[2025-10-06 06:02:03] HB overall=amber note=
[2025-10-06 06:02:35] HB overall=amber note=
[2025-10-06 06:03:07] HB overall=amber note=
[2025-10-06 06:03:39] HB overall=amber note=
[2025-10-06 06:04:11] HB overall=amber note=
[2025-10-06 06:04:43] HB overall=amber note=
[2025-10-06 06:05:16] HB overall=amber note=
[2025-10-06 06:05:48] HB overall=amber note=
[2025-10-06 06:06:20] HB overall=amber note=
[2025-10-06 06:06:52] HB overall=amber note=
[2025-10-06 06:07:24] HB overall=amber note=
[2025-10-06 06:07:56] HB overall=amber note=
[2025-10-06 06:08:28] HB overall=amber note=
[2025-10-06 06:09:00] HB overall=amber note=
[2025-10-06 06:09:33] HB overall=amber note=
[2025-10-06 06:10:06] HB overall=amber note=
[2025-10-06 06:10:38] HB overall=amber note=
[2025-10-06 06:11:10] HB overall=amber note=
[2025-10-06 06:11:42] HB overall=amber note=
[2025-10-06 06:12:14] HB overall=amber note=
[2025-10-06 06:12:46] HB overall=amber note=
[2025-10-06 06:13:19] HB overall=amber note=
[2025-10-06 06:13:51] HB overall=amber note=
[2025-10-06 06:14:23] HB overall=amber note=
[2025-10-06 06:14:55] HB overall=amber note=
[2025-10-06 06:15:27] HB overall=amber note=
[2025-10-06 06:15:59] HB overall=amber note=
[2025-10-06 06:16:32] HB overall=amber note=
[2025-10-06 06:17:04] HB overall=amber note=
[2025-10-06 06:17:36] HB overall=amber note=
[2025-10-06 06:18:08] HB overall=amber note=
[2025-10-06 06:18:40] HB overall=amber note=
[2025-10-06 06:19:13] HB overall=amber note=
[2025-10-06 06:19:45] HB overall=amber note=
[2025-10-06 06:20:17] HB overall=amber note=
[2025-10-06 06:20:49] HB overall=amber note=
[2025-10-06 06:21:21] HB overall=amber note=
[2025-10-06 06:21:53] HB overall=amber note=
[2025-10-06 06:22:25] HB overall=amber note=
[2025-10-06 06:22:58] HB overall=amber note=
[2025-10-06 06:23:30] HB overall=amber note=
[2025-10-06 06:24:02] HB overall=amber note=
[2025-10-06 06:24:34] HB overall=amber note=
[2025-10-06 06:25:07] HB overall=amber note=
[2025-10-06 06:25:39] HB overall=amber note=
[2025-10-06 06:26:11] HB overall=amber note=
[2025-10-06 06:26:43] HB overall=amber note=
[2025-10-06 06:27:15] HB overall=amber note=
[2025-10-06 06:27:47] HB overall=amber note=
[2025-10-06 06:28:19] HB overall=amber note=
[2025-10-06 06:28:51] HB overall=amber note=
[2025-10-06 06:29:24] HB overall=amber note=
[2025-10-06 06:29:56] HB overall=amber note=
[2025-10-06 06:30:28] HB overall=amber note=
[2025-10-06 06:31:00] HB overall=amber note=
[2025-10-06 06:31:32] HB overall=amber note=
[2025-10-06 06:32:04] HB overall=amber note=
[2025-10-06 06:32:36] HB overall=amber note=
[2025-10-06 06:33:08] HB overall=amber note=
[2025-10-06 06:33:40] HB overall=amber note=
[2025-10-06 06:34:12] HB overall=amber note=
[2025-10-06 06:34:44] HB overall=amber note=
[2025-10-06 06:35:17] HB overall=amber note=
[2025-10-06 06:35:49] HB overall=amber note=
[2025-10-06 06:36:21] HB overall=amber note=
[2025-10-06 06:36:53] HB overall=amber note=
[2025-10-06 06:37:25] HB overall=amber note=
[2025-10-06 06:37:57] HB overall=amber note=
[2025-10-06 06:38:29] HB overall=amber note=
[2025-10-06 06:39:01] HB overall=amber note=
[2025-10-06 06:39:33] HB overall=amber note=
[2025-10-06 06:40:06] HB overall=amber note=
[2025-10-06 06:40:38] HB overall=amber note=
[2025-10-06 06:41:10] HB overall=amber note=
[2025-10-06 06:41:42] HB overall=amber note=
[2025-10-06 06:42:14] HB overall=amber note=
[2025-10-06 06:42:46] HB overall=amber note=
[2025-10-06 06:43:18] HB overall=amber note=
[2025-10-06 06:43:51] HB overall=amber note=
[2025-10-06 06:44:23] HB overall=amber note=
[2025-10-06 06:44:55] HB overall=amber note=
[2025-10-06 06:45:27] HB overall=amber note=
[2025-10-06 06:45:59] HB overall=amber note=
[2025-10-06 06:46:31] HB overall=amber note=
[2025-10-06 06:47:03] HB overall=amber note=
[2025-10-06 06:47:35] HB overall=amber note=
[2025-10-06 06:48:07] HB overall=amber note=
[2025-10-06 06:48:39] HB overall=amber note=
[2025-10-06 06:49:11] HB overall=amber note=
[2025-10-06 06:49:43] HB overall=amber note=
[2025-10-06 06:50:15] HB overall=amber note=
[2025-10-06 06:50:47] HB overall=amber note=
[2025-10-06 06:51:19] HB overall=amber note=
[2025-10-06 06:51:52] HB overall=amber note=
[2025-10-06 06:52:24] HB overall=amber note=
[2025-10-06 06:52:56] HB overall=amber note=
[2025-10-06 06:53:28] HB overall=amber note=
[2025-10-06 06:54:00] HB overall=amber note=
[2025-10-06 06:54:32] HB overall=amber note=
[2025-10-06 06:55:04] HB overall=amber note=
[2025-10-06 06:55:36] HB overall=amber note=
[2025-10-06 06:56:09] HB overall=amber note=
[2025-10-06 06:56:41] HB overall=amber note=
[2025-10-06 06:57:13] HB overall=amber note=
[2025-10-06 06:57:45] HB overall=amber note=
[2025-10-06 06:58:17] HB overall=amber note=
[2025-10-06 06:58:49] HB overall=amber note=
[2025-10-06 06:59:21] HB overall=amber note=
[2025-10-06 06:59:53] HB overall=amber note=
[2025-10-06 07:00:28] HB overall=amber note=
[2025-10-06 07:01:00] HB overall=amber note=
[2025-10-06 07:01:32] HB overall=amber note=
[2025-10-06 07:02:04] HB overall=amber note=
[2025-10-06 07:02:36] HB overall=amber note=
[2025-10-06 07:03:08] HB overall=amber note=
[2025-10-06 07:03:40] HB overall=amber note=
[2025-10-06 07:04:12] HB overall=amber note=
[2025-10-06 07:04:44] HB overall=amber note=
[2025-10-06 07:05:17] HB overall=amber note=
[2025-10-06 07:05:49] HB overall=amber note=
[2025-10-06 07:06:21] HB overall=amber note=
[2025-10-06 07:06:53] HB overall=amber note=
[2025-10-06 07:07:25] HB overall=amber note=
[2025-10-06 07:07:57] HB overall=amber note=
[2025-10-06 07:08:29] HB overall=amber note=
[2025-10-06 07:09:01] HB overall=amber note=
[2025-10-06 07:09:34] HB overall=amber note=
[2025-10-06 07:10:06] HB overall=amber note=
[2025-10-06 07:10:38] HB overall=amber note=
[2025-10-06 07:11:10] HB overall=amber note=
[2025-10-06 07:11:42] HB overall=amber note=
[2025-10-06 07:12:14] HB overall=amber note=
[2025-10-06 07:12:46] HB overall=amber note=
[2025-10-06 07:13:18] HB overall=amber note=
[2025-10-06 07:13:51] HB overall=amber note=
[2025-10-06 07:14:23] HB overall=amber note=
[2025-10-06 07:14:55] HB overall=amber note=
[2025-10-06 07:15:27] HB overall=amber note=
[2025-10-06 07:15:59] HB overall=amber note=
[2025-10-06 07:16:31] HB overall=amber note=
[2025-10-06 07:17:03] HB overall=amber note=
[2025-10-06 07:17:35] HB overall=amber note=
[2025-10-06 07:18:07] HB overall=amber note=
[2025-10-06 07:18:39] HB overall=amber note=
[2025-10-06 07:19:11] HB overall=amber note=
[2025-10-06 07:19:43] HB overall=amber note=
[2025-10-06 07:20:16] HB overall=amber note=
[2025-10-06 07:20:48] HB overall=amber note=
[2025-10-06 07:21:20] HB overall=amber note=
[2025-10-06 07:21:52] HB overall=amber note=
[2025-10-06 07:22:24] HB overall=amber note=
[2025-10-06 07:22:56] HB overall=amber note=
[2025-10-06 07:23:28] HB overall=amber note=
[2025-10-06 07:24:00] HB overall=amber note=
[2025-10-06 07:24:32] HB overall=amber note=
[2025-10-06 07:25:05] HB overall=amber note=
[2025-10-06 07:25:37] HB overall=amber note=
[2025-10-06 07:26:09] HB overall=amber note=
[2025-10-06 07:26:41] HB overall=amber note=
[2025-10-06 07:27:13] HB overall=amber note=
[2025-10-06 07:27:45] HB overall=amber note=
[2025-10-06 07:28:17] HB overall=amber note=
[2025-10-06 07:28:49] HB overall=amber note=
[2025-10-06 07:29:21] HB overall=amber note=
[2025-10-06 07:29:53] HB overall=amber note=
[2025-10-06 07:30:26] HB overall=amber note=
[2025-10-06 07:30:58] HB overall=amber note=
[2025-10-06 07:31:30] HB overall=amber note=
[2025-10-06 07:32:02] HB overall=amber note=
[2025-10-06 07:32:34] HB overall=amber note=
[2025-10-06 07:33:06] HB overall=amber note=
[2025-10-06 07:33:38] HB overall=amber note=
[2025-10-06 07:34:10] HB overall=amber note=
[2025-10-06 07:34:42] HB overall=amber note=
[2025-10-06 07:35:14] HB overall=amber note=
[2025-10-06 07:35:47] HB overall=amber note=
[2025-10-06 07:36:19] HB overall=amber note=
[2025-10-06 07:36:51] HB overall=amber note=
[2025-10-06 07:37:23] HB overall=amber note=
[2025-10-06 07:37:55] HB overall=amber note=
[2025-10-06 07:38:27] HB overall=amber note=
[2025-10-06 07:38:59] HB overall=amber note=
[2025-10-06 07:39:31] HB overall=amber note=
[2025-10-06 07:40:04] HB overall=amber note=
[2025-10-06 07:40:37] HB overall=amber note=
[2025-10-06 07:41:09] HB overall=amber note=
[2025-10-06 07:41:41] HB overall=amber note=
[2025-10-06 07:42:13] HB overall=amber note=
[2025-10-06 07:42:45] HB overall=amber note=
[2025-10-06 07:43:17] HB overall=amber note=
[2025-10-06 07:43:49] HB overall=amber note=
[2025-10-06 07:44:21] HB overall=amber note=
[2025-10-06 07:44:53] HB overall=amber note=
[2025-10-06 07:45:25] HB overall=amber note=
[2025-10-06 07:45:58] HB overall=amber note=
[2025-10-06 07:46:30] HB overall=amber note=
[2025-10-06 07:47:02] HB overall=amber note=
[2025-10-06 07:47:34] HB overall=amber note=
[2025-10-06 07:48:06] HB overall=amber note=
[2025-10-06 07:48:38] HB overall=amber note=
[2025-10-06 07:49:10] HB overall=amber note=
[2025-10-06 07:49:42] HB overall=amber note=
[2025-10-06 07:50:14] HB overall=amber note=
[2025-10-06 07:50:46] HB overall=amber note=
[2025-10-06 07:51:18] HB overall=amber note=
[2025-10-06 07:51:51] HB overall=amber note=
[2025-10-06 07:52:23] HB overall=amber note=
[2025-10-06 07:52:55] HB overall=amber note=
[2025-10-06 07:53:27] HB overall=amber note=
[2025-10-06 07:53:59] HB overall=amber note=
[2025-10-06 07:54:31] HB overall=amber note=
[2025-10-06 07:55:04] HB overall=amber note=
[2025-10-06 07:55:36] HB overall=amber note=
[2025-10-06 07:56:08] HB overall=amber note=
[2025-10-06 07:56:40] HB overall=amber note=
[2025-10-06 07:57:12] HB overall=amber note=
[2025-10-06 07:57:44] HB overall=amber note=
[2025-10-06 07:58:16] HB overall=amber note=
[2025-10-06 07:58:48] HB overall=amber note=
[2025-10-06 07:59:21] HB overall=amber note=
[2025-10-06 07:59:53] HB overall=amber note=
[2025-10-06 08:00:25] HB overall=amber note=
[2025-10-06 08:00:57] HB overall=amber note=
[2025-10-06 08:01:29] HB overall=amber note=
[2025-10-06 08:02:01] HB overall=amber note=
[2025-10-06 08:02:33] HB overall=amber note=
[2025-10-06 08:03:05] HB overall=amber note=
[2025-10-06 08:03:38] HB overall=amber note=
[2025-10-06 08:04:10] HB overall=amber note=
[2025-10-06 08:04:42] HB overall=amber note=
[2025-10-06 08:05:14] HB overall=amber note=
[2025-10-06 08:05:46] HB overall=amber note=
[2025-10-06 08:06:18] HB overall=amber note=
[2025-10-06 08:06:50] HB overall=amber note=
[2025-10-06 08:07:22] HB overall=amber note=
[2025-10-06 08:07:54] HB overall=amber note=
[2025-10-06 08:08:26] HB overall=amber note=
[2025-10-06 08:08:58] HB overall=amber note=
[2025-10-06 08:09:30] HB overall=amber note=
[2025-10-06 08:10:04] HB overall=amber note=
[2025-10-06 08:10:36] HB overall=amber note=
[2025-10-06 08:11:08] HB overall=amber note=
[2025-10-06 08:11:40] HB overall=amber note=
[2025-10-06 08:12:12] HB overall=amber note=
[2025-10-06 08:12:44] HB overall=amber note=
[2025-10-06 08:13:16] HB overall=amber note=
[2025-10-06 08:13:48] HB overall=amber note=
[2025-10-06 08:14:20] HB overall=amber note=
[2025-10-06 08:14:52] HB overall=amber note=
[2025-10-06 08:15:24] HB overall=amber note=
[2025-10-06 08:15:56] HB overall=amber note=
[2025-10-06 08:16:28] HB overall=amber note=
[2025-10-06 08:17:00] HB overall=amber note=
[2025-10-06 08:17:32] HB overall=amber note=
[2025-10-06 08:18:04] HB overall=amber note=
[2025-10-06 08:18:36] HB overall=amber note=
[2025-10-06 08:19:08] HB overall=amber note=
[2025-10-06 08:19:40] HB overall=amber note=
[2025-10-06 08:20:12] HB overall=amber note=
[2025-10-06 08:20:44] HB overall=amber note=
[2025-10-06 08:21:16] HB overall=amber note=
[2025-10-06 08:21:48] HB overall=amber note=
[2025-10-06 08:22:20] HB overall=amber note=
[2025-10-06 08:22:52] HB overall=amber note=
[2025-10-06 08:23:25] HB overall=amber note=
[2025-10-06 08:23:57] HB overall=amber note=
[2025-10-06 08:24:29] HB overall=amber note=
[2025-10-06 08:25:02] HB overall=amber note=
[2025-10-06 08:25:34] HB overall=amber note=
[2025-10-06 08:26:07] HB overall=amber note=
[2025-10-06 08:26:39] HB overall=amber note=
[2025-10-06 08:27:11] HB overall=amber note=
[2025-10-06 08:27:43] HB overall=amber note=
[2025-10-06 08:28:15] HB overall=amber note=
[2025-10-06 08:28:47] HB overall=amber note=
[2025-10-06 08:29:19] HB overall=amber note=
[2025-10-06 08:29:51] HB overall=amber note=
[2025-10-06 08:30:23] HB overall=amber note=
[2025-10-06 08:30:55] HB overall=amber note=
[2025-10-06 08:31:27] HB overall=amber note=
[2025-10-06 08:32:00] HB overall=amber note=
[2025-10-06 08:32:32] HB overall=amber note=
[2025-10-06 08:33:04] HB overall=amber note=
[2025-10-06 08:33:36] HB overall=amber note=
[2025-10-06 08:34:08] HB overall=amber note=
[2025-10-06 08:34:40] HB overall=amber note=
[2025-10-06 08:35:12] HB overall=amber note=
[2025-10-06 08:35:44] HB overall=amber note=
[2025-10-06 08:36:16] HB overall=amber note=
[2025-10-06 08:36:48] HB overall=amber note=
[2025-10-06 08:37:20] HB overall=amber note=
[2025-10-06 08:37:52] HB overall=amber note=
[2025-10-06 08:38:25] HB overall=amber note=
[2025-10-06 08:38:57] HB overall=amber note=
[2025-10-06 08:39:29] HB overall=amber note=
[2025-10-06 08:40:03] HB overall=amber note=
[2025-10-06 08:40:35] HB overall=amber note=
[2025-10-06 08:41:07] HB overall=amber note=
[2025-10-06 08:41:39] HB overall=amber note=
[2025-10-06 08:42:11] HB overall=amber note=
[2025-10-06 08:42:43] HB overall=amber note=
[2025-10-06 08:43:15] HB overall=amber note=
[2025-10-06 08:43:47] HB overall=amber note=
[2025-10-06 08:44:19] HB overall=amber note=
[2025-10-06 08:44:51] HB overall=amber note=
[2025-10-06 08:45:24] HB overall=amber note=
[2025-10-06 08:45:56] HB overall=amber note=
[2025-10-06 08:46:28] HB overall=amber note=
[2025-10-06 08:47:00] HB overall=amber note=
[2025-10-06 08:47:32] HB overall=amber note=
[2025-10-06 08:48:04] HB overall=amber note=
[2025-10-06 08:48:36] HB overall=amber note=
[2025-10-06 08:49:08] HB overall=amber note=
[2025-10-06 08:49:40] HB overall=amber note=
[2025-10-06 08:50:12] HB overall=amber note=
[2025-10-06 08:50:44] HB overall=amber note=
[2025-10-06 08:51:16] HB overall=amber note=
[2025-10-06 08:51:48] HB overall=amber note=
[2025-10-06 08:52:20] HB overall=amber note=
[2025-10-06 08:52:52] HB overall=amber note=
[2025-10-06 08:53:24] HB overall=amber note=
[2025-10-06 08:53:57] HB overall=amber note=
[2025-10-06 08:54:29] HB overall=amber note=
[2025-10-06 08:55:02] HB overall=amber note=
[2025-10-06 08:55:35] HB overall=amber note=
[2025-10-06 08:56:07] HB overall=amber note=
[2025-10-06 08:56:39] HB overall=amber note=
[2025-10-06 08:57:11] HB overall=amber note=
[2025-10-06 08:57:44] HB overall=amber note=
[2025-10-06 08:58:16] HB overall=amber note=
[2025-10-06 08:58:48] HB overall=amber note=
[2025-10-06 08:59:20] HB overall=amber note=
[2025-10-06 08:59:52] HB overall=amber note=
[2025-10-06 09:00:26] HB overall=amber note=
[2025-10-06 09:00:58] HB overall=amber note=
[2025-10-06 09:01:30] HB overall=amber note=
[2025-10-06 09:02:02] HB overall=amber note=
[2025-10-06 09:02:35] HB overall=amber note=
[2025-10-06 09:03:07] HB overall=amber note=
[2025-10-06 09:03:39] HB overall=amber note=
[2025-10-06 09:04:11] HB overall=amber note=
[2025-10-06 09:04:43] HB overall=amber note=
[2025-10-06 09:05:15] HB overall=amber note=
[2025-10-06 09:05:47] HB overall=amber note=
[2025-10-06 09:06:19] HB overall=amber note=
[2025-10-06 09:06:51] HB overall=amber note=
[2025-10-06 09:07:23] HB overall=amber note=
[2025-10-06 09:07:55] HB overall=amber note=
[2025-10-06 09:08:27] HB overall=amber note=
[2025-10-06 09:09:00] HB overall=amber note=
[2025-10-06 09:09:32] HB overall=amber note=
[2025-10-06 09:10:06] HB overall=amber note=
[2025-10-06 09:10:38] HB overall=amber note=
[2025-10-06 09:11:10] HB overall=amber note=
[2025-10-06 09:11:42] HB overall=amber note=
[2025-10-06 09:12:14] HB overall=amber note=
[2025-10-06 09:12:46] HB overall=amber note=
[2025-10-06 09:13:18] HB overall=amber note=
[2025-10-06 09:13:50] HB overall=amber note=
[2025-10-06 09:14:22] HB overall=amber note=
[2025-10-06 09:14:55] HB overall=amber note=
[2025-10-06 09:15:27] HB overall=amber note=
[2025-10-06 09:15:59] HB overall=amber note=
[2025-10-06 09:16:31] HB overall=amber note=
[2025-10-06 09:17:03] HB overall=amber note=
[2025-10-06 09:17:35] HB overall=amber note=
[2025-10-06 09:18:07] HB overall=amber note=
[2025-10-06 09:18:38] HB overall=amber note=
[2025-10-06 09:19:10] HB overall=amber note=
[2025-10-06 09:19:42] HB overall=amber note=
[2025-10-06 09:20:15] HB overall=amber note=
[2025-10-06 09:20:47] HB overall=amber note=
[2025-10-06 09:21:19] HB overall=amber note=
[2025-10-06 09:21:51] HB overall=amber note=
[2025-10-06 09:22:23] HB overall=amber note=
[2025-10-06 09:22:55] HB overall=amber note=
[2025-10-06 09:23:27] HB overall=amber note=
[2025-10-06 09:23:59] HB overall=amber note=
[2025-10-06 09:24:31] HB overall=amber note=
[2025-10-06 09:25:04] HB overall=amber note=
[2025-10-06 09:25:36] HB overall=amber note=
[2025-10-06 09:26:09] HB overall=amber note=
[2025-10-06 09:26:41] HB overall=amber note=
[2025-10-06 09:27:13] HB overall=amber note=
[2025-10-06 09:27:45] HB overall=amber note=
[2025-10-06 09:28:17] HB overall=amber note=
[2025-10-06 09:28:49] HB overall=amber note=
[2025-10-06 09:29:21] HB overall=amber note=
[2025-10-06 09:29:53] HB overall=amber note=
[2025-10-06 09:30:25] HB overall=amber note=
[2025-10-06 09:30:57] HB overall=amber note=
[2025-10-06 09:31:29] HB overall=amber note=
[2025-10-06 09:32:01] HB overall=amber note=
[2025-10-06 09:32:33] HB overall=amber note=
[2025-10-06 09:33:05] HB overall=amber note=
[2025-10-06 09:33:37] HB overall=amber note=
[2025-10-06 09:34:09] HB overall=amber note=
[2025-10-06 09:34:41] HB overall=amber note=
[2025-10-06 09:35:14] HB overall=amber note=
[2025-10-06 09:35:46] HB overall=amber note=
[2025-10-06 09:36:18] HB overall=amber note=
[2025-10-06 09:36:50] HB overall=amber note=
[2025-10-06 09:37:22] HB overall=amber note=
[2025-10-06 09:37:54] HB overall=amber note=
[2025-10-06 09:38:26] HB overall=amber note=
[2025-10-06 09:38:58] HB overall=amber note=
[2025-10-06 09:39:30] HB overall=amber note=
[2025-10-06 09:40:03] HB overall=amber note=
[2025-10-06 09:40:35] HB overall=amber note=
[2025-10-06 09:41:07] HB overall=amber note=
[2025-10-06 09:41:39] HB overall=amber note=
[2025-10-06 09:42:11] HB overall=amber note=
[2025-10-06 09:42:43] HB overall=amber note=
[2025-10-06 09:43:15] HB overall=amber note=
[2025-10-06 09:43:47] HB overall=amber note=
[2025-10-06 09:44:19] HB overall=amber note=
[2025-10-06 09:44:52] HB overall=amber note=
[2025-10-06 09:45:25] HB overall=amber note=
[2025-10-06 09:45:57] HB overall=amber note=
[2025-10-06 09:46:29] HB overall=amber note=
[2025-10-06 09:47:01] HB overall=amber note=
[2025-10-06 09:47:33] HB overall=amber note=
[2025-10-06 09:48:05] HB overall=amber note=
[2025-10-06 09:48:37] HB overall=amber note=
[2025-10-06 09:49:09] HB overall=amber note=
[2025-10-06 09:49:41] HB overall=amber note=
[2025-10-06 09:50:13] HB overall=amber note=
[2025-10-06 09:50:45] HB overall=amber note=
[2025-10-06 09:51:17] HB overall=amber note=
[2025-10-06 09:51:49] HB overall=amber note=
[2025-10-06 09:52:21] HB overall=amber note=
[2025-10-06 09:52:53] HB overall=amber note=
[2025-10-06 09:53:26] HB overall=amber note=
[2025-10-06 09:53:58] HB overall=amber note=
[2025-10-06 09:54:30] HB overall=amber note=
[2025-10-06 09:55:02] HB overall=amber note=
[2025-10-06 09:55:35] HB overall=amber note=
[2025-10-06 09:56:07] HB overall=amber note=
[2025-10-06 09:56:39] HB overall=amber note=
[2025-10-06 09:57:11] HB overall=amber note=
[2025-10-06 09:57:43] HB overall=amber note=
[2025-10-06 09:58:15] HB overall=amber note=
[2025-10-06 09:58:47] HB overall=amber note=
[2025-10-06 09:59:20] HB overall=amber note=
[2025-10-06 09:59:52] HB overall=amber note=
[2025-10-06 10:00:25] HB overall=amber note=
[2025-10-06 10:00:57] HB overall=amber note=
[2025-10-06 10:01:29] HB overall=amber note=
[2025-10-06 10:02:01] HB overall=amber note=
[2025-10-06 10:02:33] HB overall=amber note=
[2025-10-06 10:03:06] HB overall=amber note=
[2025-10-06 10:03:38] HB overall=amber note=
[2025-10-06 10:04:10] HB overall=amber note=
[2025-10-06 10:04:42] HB overall=amber note=
[2025-10-06 10:05:14] HB overall=amber note=
[2025-10-06 10:05:46] HB overall=amber note=
[2025-10-06 10:06:19] HB overall=amber note=
[2025-10-06 10:06:51] HB overall=amber note=
[2025-10-06 10:07:23] HB overall=amber note=
[2025-10-06 10:07:55] HB overall=amber note=
[2025-10-06 10:08:28] HB overall=amber note=
[2025-10-06 10:09:00] HB overall=amber note=
[2025-10-06 10:09:32] HB overall=amber note=
[2025-10-06 10:10:05] HB overall=amber note=
[2025-10-06 10:10:37] HB overall=amber note=
[2025-10-06 10:11:09] HB overall=amber note=
[2025-10-06 10:11:41] HB overall=amber note=
[2025-10-06 10:12:13] HB overall=amber note=
[2025-10-06 10:12:45] HB overall=amber note=
[2025-10-06 10:13:18] HB overall=amber note=
[2025-10-06 10:13:50] HB overall=amber note=
[2025-10-06 10:14:22] HB overall=amber note=
[2025-10-06 10:14:54] HB overall=amber note=
[2025-10-06 10:15:26] HB overall=amber note=
[2025-10-06 10:15:58] HB overall=amber note=
[2025-10-06 10:16:30] HB overall=amber note=
[2025-10-06 10:17:03] HB overall=amber note=
[2025-10-06 10:17:35] HB overall=amber note=
[2025-10-06 10:18:07] HB overall=amber note=
[2025-10-06 10:18:39] HB overall=amber note=
[2025-10-06 10:19:11] HB overall=amber note=
[2025-10-06 10:19:43] HB overall=amber note=
[2025-10-06 10:20:16] HB overall=amber note=
[2025-10-06 10:20:48] HB overall=amber note=
[2025-10-06 10:21:21] HB overall=amber note=
[2025-10-06 10:21:53] HB overall=amber note=
[2025-10-06 10:22:25] HB overall=amber note=
[2025-10-06 10:22:58] HB overall=amber note=
[2025-10-06 10:23:30] HB overall=amber note=
[2025-10-06 10:24:02] HB overall=amber note=
[2025-10-06 10:24:34] HB overall=amber note=
[2025-10-06 10:25:06] HB overall=amber note=
[2025-10-06 10:25:39] HB overall=amber note=
[2025-10-06 10:26:11] HB overall=amber note=
[2025-10-06 10:26:43] HB overall=amber note=
[2025-10-06 10:27:15] HB overall=amber note=
[2025-10-06 10:27:47] HB overall=amber note=
[2025-10-06 10:28:20] HB overall=amber note=
[2025-10-06 10:28:52] HB overall=amber note=
[2025-10-06 10:29:24] HB overall=amber note=
[2025-10-06 10:29:56] HB overall=amber note=
[2025-10-06 10:30:28] HB overall=amber note=
[2025-10-06 10:31:00] HB overall=amber note=
[2025-10-06 10:31:33] HB overall=amber note=
[2025-10-06 10:32:05] HB overall=amber note=
[2025-10-06 10:32:37] HB overall=amber note=
[2025-10-06 10:33:09] HB overall=amber note=
[2025-10-06 10:33:41] HB overall=amber note=
[2025-10-06 10:34:13] HB overall=amber note=
[2025-10-06 10:34:45] HB overall=amber note=
[2025-10-06 10:35:17] HB overall=amber note=
[2025-10-06 10:35:50] HB overall=amber note=
[2025-10-06 10:36:22] HB overall=amber note=
[2025-10-06 10:36:54] HB overall=amber note=
[2025-10-06 10:37:26] HB overall=amber note=
[2025-10-06 10:37:58] HB overall=amber note=
[2025-10-06 10:38:30] HB overall=amber note=
[2025-10-06 10:39:02] HB overall=amber note=
[2025-10-06 10:39:34] HB overall=amber note=
[2025-10-06 10:40:07] HB overall=amber note=
[2025-10-06 10:40:39] HB overall=amber note=
[2025-10-06 10:41:11] HB overall=amber note=
[2025-10-06 10:41:43] HB overall=amber note=
[2025-10-06 10:42:15] HB overall=amber note=
[2025-10-06 10:42:47] HB overall=amber note=
[2025-10-06 10:43:19] HB overall=amber note=
[2025-10-06 10:43:52] HB overall=amber note=
[2025-10-06 10:44:24] HB overall=amber note=
[2025-10-06 10:44:56] HB overall=amber note=
[2025-10-06 10:45:28] HB overall=amber note=
[2025-10-06 10:46:00] HB overall=amber note=
[2025-10-06 10:46:32] HB overall=amber note=
[2025-10-06 10:47:04] HB overall=amber note=
[2025-10-06 10:47:36] HB overall=amber note=
[2025-10-06 10:48:08] HB overall=amber note=
[2025-10-06 10:48:41] HB overall=amber note=
[2025-10-06 10:49:13] HB overall=amber note=
[2025-10-06 10:49:45] HB overall=amber note=
[2025-10-06 10:50:17] HB overall=amber note=
[2025-10-06 10:50:49] HB overall=amber note=
[2025-10-06 10:51:21] HB overall=amber note=
[2025-10-06 10:51:53] HB overall=amber note=
[2025-10-06 10:52:26] HB overall=amber note=
[2025-10-06 10:52:58] HB overall=amber note=
[2025-10-06 10:53:30] HB overall=amber note=
[2025-10-06 10:54:02] HB overall=amber note=
[2025-10-06 10:54:34] HB overall=amber note=
[2025-10-06 10:55:06] HB overall=amber note=
[2025-10-06 10:55:38] HB overall=amber note=
[2025-10-06 10:56:10] HB overall=amber note=
[2025-10-06 10:56:42] HB overall=amber note=
[2025-10-06 10:57:14] HB overall=amber note=
[2025-10-06 10:57:46] HB overall=amber note=
[2025-10-06 10:58:19] HB overall=amber note=
[2025-10-06 10:58:51] HB overall=amber note=
[2025-10-06 10:59:23] HB overall=amber note=
[2025-10-06 10:59:55] HB overall=amber note=
[2025-10-06 11:00:29] HB overall=amber note=
[2025-10-06 11:01:01] HB overall=amber note=
[2025-10-06 11:01:33] HB overall=amber note=
[2025-10-06 11:02:06] HB overall=amber note=
[2025-10-06 11:02:38] HB overall=amber note=
[2025-10-06 11:03:10] HB overall=amber note=
[2025-10-06 11:03:42] HB overall=amber note=
[2025-10-06 11:04:14] HB overall=amber note=
[2025-10-06 11:04:47] HB overall=amber note=
[2025-10-06 11:05:19] HB overall=amber note=
[2025-10-06 11:05:51] HB overall=amber note=
[2025-10-06 11:06:23] HB overall=amber note=
[2025-10-06 11:06:55] HB overall=amber note=
[2025-10-06 11:07:27] HB overall=amber note=
[2025-10-06 11:07:59] HB overall=amber note=
[2025-10-06 11:08:31] HB overall=amber note=
[2025-10-06 11:09:03] HB overall=amber note=
[2025-10-06 11:09:35] HB overall=amber note=
[2025-10-06 11:10:08] HB overall=amber note=
[2025-10-06 11:10:40] HB overall=amber note=
[2025-10-06 11:11:12] HB overall=amber note=
[2025-10-06 11:11:44] HB overall=amber note=
[2025-10-06 11:12:16] HB overall=amber note=
[2025-10-06 11:12:48] HB overall=amber note=
[2025-10-06 11:13:21] HB overall=amber note=
[2025-10-06 11:13:53] HB overall=amber note=
[2025-10-06 11:14:25] HB overall=amber note=
[2025-10-06 11:14:57] HB overall=amber note=
[2025-10-06 11:15:29] HB overall=amber note=
[2025-10-06 11:16:01] HB overall=amber note=
[2025-10-06 11:16:33] HB overall=amber note=
[2025-10-06 11:17:05] HB overall=amber note=
[2025-10-06 11:17:37] HB overall=amber note=
[2025-10-06 11:18:10] HB overall=amber note=
[2025-10-06 11:18:42] HB overall=amber note=
[2025-10-06 11:19:14] HB overall=amber note=
[2025-10-06 11:19:46] HB overall=amber note=
[2025-10-06 11:20:18] HB overall=amber note=
[2025-10-06 11:20:50] HB overall=amber note=
[2025-10-06 11:21:22] HB overall=amber note=
[2025-10-06 11:21:55] HB overall=amber note=
[2025-10-06 11:22:27] HB overall=amber note=
[2025-10-06 11:22:59] HB overall=amber note=
[2025-10-06 11:23:31] HB overall=amber note=
[2025-10-06 11:24:03] HB overall=amber note=
[2025-10-06 11:24:35] HB overall=amber note=
[2025-10-06 11:25:07] HB overall=amber note=
[2025-10-06 11:25:39] HB overall=amber note=
[2025-10-06 11:26:11] HB overall=amber note=
[2025-10-06 11:26:43] HB overall=amber note=
[2025-10-06 11:27:15] HB overall=amber note=
[2025-10-06 11:27:47] HB overall=amber note=
[2025-10-06 11:28:19] HB overall=amber note=
[2025-10-06 11:28:51] HB overall=amber note=
[2025-10-06 11:29:23] HB overall=amber note=
[2025-10-06 11:29:55] HB overall=amber note=
[2025-10-06 11:30:27] HB overall=amber note=
[2025-10-06 11:31:00] HB overall=amber note=
[2025-10-06 11:31:32] HB overall=amber note=
[2025-10-06 11:32:04] HB overall=amber note=
[2025-10-06 11:32:36] HB overall=amber note=
[2025-10-06 11:33:08] HB overall=amber note=
[2025-10-06 11:33:40] HB overall=amber note=
[2025-10-06 11:34:12] HB overall=amber note=
[2025-10-06 11:34:44] HB overall=amber note=
[2025-10-06 11:35:16] HB overall=amber note=
[2025-10-06 11:35:48] HB overall=amber note=
[2025-10-06 11:36:20] HB overall=amber note=
[2025-10-06 11:36:52] HB overall=amber note=
[2025-10-06 11:37:24] HB overall=amber note=
[2025-10-06 11:37:56] HB overall=amber note=
[2025-10-06 11:38:28] HB overall=amber note=
[2025-10-06 11:39:01] HB overall=amber note=
[2025-10-06 11:39:33] HB overall=amber note=
[2025-10-06 11:40:06] HB overall=amber note=
[2025-10-06 11:40:38] HB overall=amber note=
[2025-10-06 11:41:10] HB overall=amber note=
[2025-10-06 11:41:42] HB overall=amber note=
[2025-10-06 11:42:14] HB overall=amber note=
[2025-10-06 11:42:46] HB overall=amber note=
[2025-10-06 11:43:18] HB overall=amber note=
[2025-10-06 11:43:50] HB overall=amber note=
[2025-10-06 11:44:22] HB overall=amber note=
[2025-10-06 11:44:54] HB overall=amber note=
[2025-10-06 11:45:27] HB overall=amber note=
[2025-10-06 11:45:59] HB overall=amber note=
[2025-10-06 11:46:31] HB overall=amber note=
[2025-10-06 11:47:03] HB overall=amber note=
[2025-10-06 11:47:35] HB overall=amber note=
[2025-10-06 11:48:07] HB overall=amber note=
[2025-10-06 11:48:39] HB overall=amber note=
[2025-10-06 11:49:11] HB overall=amber note=
[2025-10-06 11:49:43] HB overall=amber note=
[2025-10-06 11:50:15] HB overall=amber note=
[2025-10-06 11:50:47] HB overall=amber note=
[2025-10-06 11:51:19] HB overall=amber note=
[2025-10-06 11:51:52] HB overall=amber note=
[2025-10-06 11:52:24] HB overall=amber note=
[2025-10-06 11:52:56] HB overall=amber note=
[2025-10-06 11:53:28] HB overall=amber note=
[2025-10-06 11:54:00] HB overall=amber note=
[2025-10-06 11:54:32] HB overall=amber note=
[2025-10-06 11:55:05] HB overall=amber note=
[2025-10-06 11:55:37] HB overall=amber note=
[2025-10-06 11:56:09] HB overall=amber note=
[2025-10-06 11:56:41] HB overall=amber note=
[2025-10-06 11:57:13] HB overall=amber note=
[2025-10-06 11:57:45] HB overall=amber note=
[2025-10-06 11:58:17] HB overall=amber note=
[2025-10-06 11:58:49] HB overall=amber note=
[2025-10-06 11:59:21] HB overall=amber note=
[2025-10-06 11:59:54] HB overall=amber note=
[2025-10-06 12:00:28] HB overall=amber note=
[2025-10-06 12:01:00] HB overall=amber note=
[2025-10-06 12:01:33] HB overall=amber note=
[2025-10-06 12:02:05] HB overall=amber note=
[2025-10-06 12:02:37] HB overall=amber note=
[2025-10-06 12:03:09] HB overall=amber note=
[2025-10-06 12:03:41] HB overall=amber note=
[2025-10-06 12:04:13] HB overall=amber note=
[2025-10-06 12:04:45] HB overall=amber note=
[2025-10-06 12:05:17] HB overall=amber note=
[2025-10-06 12:05:49] HB overall=amber note=
[2025-10-06 12:06:21] HB overall=amber note=
[2025-10-06 12:06:53] HB overall=amber note=
