[ENV] TMDB_KEY:  3a70e2d3239f68d97da1e7c3c70ead0f
[ENV] STREAMS_URL:  https://torrentio.strem.fun/qualityfilter=threed,480p,cam,unknown|limit=2|realdebrid=N4FLTAWR4NTMF6O5SU4CESZZSDWYOSHKTVPFDYAAK4FZTWYKAHGQ
[ENV] RD_TOKEN:  N4FLTAWR4NTMF6O5SU4CESZZSDWYOSHKTVPFDYAAK4FZTWYKAHGQ
[2025-10-06T10:53:17.567Z] Dirs -> MOVIES=D:\StremioCatalog\_Hybrid\Movies SHOWS=D:\StremioCatalog\_Hybrid\Shows SANITY=D:\StremioCatalog\_Hybrid\_Sanity CACHE=D:\PlexTools\cache
[2025-10-06T10:53:17.568Z] STREAMS base: https://torrentio.strem.fun
[2025-10-06T10:53:17.568Z] STREAMS cfg (plain): qualityfilter=threed,480p,cam,unknown|limit=2|realdebrid=N4FLTAWR4NTMF6O5SU4CESZZSDWYOSHKTVPFDYAAK4FZTWYKAHGQ
[2025-10-06T10:53:17.568Z] STREAMS cfg (enc):   qualityfilter%3Dthreed%2C480p%2Ccam%2Cunknown%7Climit%3D2%7Crealdebrid%3DN4FLTAWR4NTMF6O5SU4CESZZSDWYOSHKTVPFDYAAK4FZTWYKAHGQ
[2025-10-06T10:53:17.568Z] RD_TOKEN present
[2025-10-06T10:53:18.212Z] TMDb probe: status=200
[2025-10-06T10:53:18.553Z] Shelf -> Movies - Popular (20 candidates)
[2025-10-06T10:53:25.995Z] Shelf -> Movies - Top Rated (20 candidates)
[2025-10-06T10:53:32.879Z] Shelf -> Movies - New this month (20 candidates)
[2025-10-06T10:53:44.614Z] Shelf -> TV - Popular (20 candidates)
[2025-10-06T10:53:51.344Z] Shelf -> TV - Top Rated (20 candidates)
[2025-10-06T10:53:57.941Z] Shelf -> TV - New this month (20 candidates)
[2025-10-06T10:54:08.284Z] Shelf -> TV - Netflix (20 candidates)
[2025-10-06T10:54:15.242Z] Shelf -> TV - Amazon Prime (20 candidates)
[2025-10-06T10:54:22.017Z] Shelf -> TV - Disney+ (20 candidates)
[2025-10-06T10:54:29.257Z] Shelf -> TV - HBO/Max (20 candidates)
[2025-10-06T10:54:36.424Z] Shelf -> TV - Apple TV+ (20 candidates)
[2025-10-06T10:54:43.173Z] Shelf -> TV - Hulu (20 candidates)
[2025-10-06T10:54:49.895Z] Shelf -> TV - Crunchyroll (20 candidates)
[2025-10-06T10:54:56.431Z] Populate finished: written=220 failures=24
