[ENV] TMDB_KEY:  3a70e2d3239f68d97da1e7c3c70ead0f
[ENV] STREAMS_URL:  https://torrentio.strem.fun/qualityfilter=threed,480p,cam,unknown|limit=2|realdebrid=N4FLTAWR4NTMF6O5SU4CESZZSDWYOSHKTVPFDYAAK4FZTWYKAHGQ
[ENV] RD_TOKEN:  N4FLTAWR4NTMF6O5SU4CESZZSDWYOSHKTVPFDYAAK4FZTWYKAHGQ
[2025-10-07T04:03:17.411Z] Dirs -> MOVIES=D:\StremioCatalog\_Hybrid\Movies SHOWS=D:\StremioCatalog\_Hybrid\Shows SANITY=D:\StremioCatalog\_Hybrid\_Sanity CACHE=D:\PlexTools\cache
[2025-10-07T04:03:17.412Z] STREAMS base: https://torrentio.strem.fun
[2025-10-07T04:03:17.412Z] STREAMS cfg (plain): qualityfilter=threed,480p,cam,unknown|limit=2|realdebrid=N4FLTAWR4NTMF6O5SU4CESZZSDWYOSHKTVPFDYAAK4FZTWYKAHGQ
[2025-10-07T04:03:17.412Z] STREAMS cfg (enc):   qualityfilter%3Dthreed%2C480p%2Ccam%2Cunknown%7Climit%3D2%7Crealdebrid%3DN4FLTAWR4NTMF6O5SU4CESZZSDWYOSHKTVPFDYAAK4FZTWYKAHGQ
[2025-10-07T04:03:17.412Z] RD_TOKEN present
[2025-10-07T04:03:18.044Z] TMDb probe: status=200
[2025-10-07T04:03:18.436Z] Shelf filter ? Movies - Popular: 20 ? 17 (released?today, votes?10)
[2025-10-07T04:03:18.436Z] Shelf -> Movies - Popular (17 candidates)
[2025-10-07T04:03:29.999Z] Shelf filter ? Movies - Top Rated: 20 ? 20 (released?today, votes?10)
[2025-10-07T04:03:29.999Z] Shelf -> Movies - Top Rated (20 candidates)
[2025-10-07T04:03:44.345Z] Shelf filter ? Movies - New this month: 20 ? 4 (released?today, votes?10)
[2025-10-07T04:03:44.345Z] Shelf -> Movies - New this month (4 candidates)
[2025-10-07T04:03:46.992Z] Shelf filter ? TV - Popular: 20 ? 20 (released?today, votes?10)
[2025-10-07T04:03:46.992Z] Shelf -> TV - Popular (20 candidates)
[2025-10-07T04:04:01.438Z] Shelf filter ? TV - Top Rated: 20 ? 20 (released?today, votes?10)
[2025-10-07T04:04:01.438Z] Shelf -> TV - Top Rated (20 candidates)
[2025-10-07T04:04:14.944Z] Shelf filter ? TV - New this month: 20 ? 3 (released?today, votes?10)
[2025-10-07T04:04:14.944Z] Shelf -> TV - New this month (3 candidates)
[2025-10-07T04:04:16.903Z] Shelf filter ? TV - Netflix: 20 ? 19 (released?today, votes?10)
[2025-10-07T04:04:16.903Z] Shelf -> TV - Netflix (19 candidates)
[2025-10-07T04:04:29.826Z] Shelf filter ? TV - Amazon Prime: 20 ? 20 (released?today, votes?10)
[2025-10-07T04:04:29.826Z] Shelf -> TV - Amazon Prime (20 candidates)
[2025-10-07T04:04:43.287Z] Shelf filter ? TV - Disney+: 20 ? 17 (released?today, votes?10)
[2025-10-07T04:04:43.287Z] Shelf -> TV - Disney+ (17 candidates)
[2025-10-07T04:04:55.461Z] Shelf filter ? TV - HBO/Max: 20 ? 20 (released?today, votes?10)
[2025-10-07T04:04:55.461Z] Shelf -> TV - HBO/Max (20 candidates)
[2025-10-07T04:05:08.949Z] Shelf filter ? TV - Apple TV+: 20 ? 20 (released?today, votes?10)
[2025-10-07T04:05:08.949Z] Shelf -> TV - Apple TV+ (20 candidates)
[2025-10-07T04:05:23.038Z] Shelf filter ? TV - Hulu: 20 ? 20 (released?today, votes?10)
[2025-10-07T04:05:23.038Z] Shelf -> TV - Hulu (20 candidates)
[2025-10-07T04:05:35.825Z] Shelf filter ? TV - Crunchyroll: 20 ? 20 (released?today, votes?10)
[2025-10-07T04:05:35.825Z] Shelf -> TV - Crunchyroll (20 candidates)
[2025-10-07T04:05:48.117Z] Populate finished: written=200 failures=5
[WARN] Plex refresh error: Unable to connect to the remote server
