[ENV] TMDB_KEY:  3a70e2d3239f68d97da1e7c3c70ead0f
[ENV] STREAMS_URL:  https://torrentio.strem.fun/qualityfilter=threed,480p,cam,unknown|limit=2|realdebrid=N4FLTAWR4NTMF6O5SU4CESZZSDWYOSHKTVPFDYAAK4FZTWYKAHGQ
[ENV] RD_TOKEN:  N4FLTAWR4NTMF6O5SU4CESZZSDWYOSHKTVPFDYAAK4FZTWYKAHGQ
[2025-10-06T06:19:59.261Z] Dirs -> MOVIES=D:\StremioCatalog\_Hybrid\Movies SHOWS=D:\StremioCatalog\_Hybrid\Shows SANITY=D:\StremioCatalog\_Hybrid\_Sanity CACHE=D:\PlexTools\cache
[2025-10-06T06:19:59.262Z] STREAMS_URL(base): https://torrentio.strem.fun
[2025-10-06T06:19:59.262Z] STREAMS_URL(params): {"qualityfilter":"threed,480p,cam,unknown","limit":"2","realdebrid":"N4FLTAWR4NTMF6O5SU4CESZZSDWYOSHKTVPFDYAAK4FZTWYKAHGQ"}
[2025-10-06T06:19:59.262Z] RD_TOKEN: N4FLTAWR4NTMF6O5SU4CESZZSDWYOSHKTVPFDYAAK4FZTWYKAHGQ
[2025-10-06T06:19:59.262Z] QS variants: [{"qualityfilter":"threed,480p,cam,unknown","limit":"2","realdebrid":"N4FLTAWR4NTMF6O5SU4CESZZSDWYOSHKTVPFDYAAK4FZTWYKAHGQ"},{"qualityfilter":"threed,480p,cam,unknown","limit":10,"realdebrid":"N4FLTAWR4NTMF6O5SU4CESZZSDWYOSHKTVPFDYAAK4FZTWYKAHGQ"},{"limit":"2","realdebrid":"N4FLTAWR4NTMF6O5SU4CESZZSDWYOSHKTVPFDYAAK4FZTWYKAHGQ"},{"limit":15,"realdebrid":"N4FLTAWR4NTMF6O5SU4CESZZSDWYOSHKTVPFDYAAK4FZTWYKAHGQ"}]
[2025-10-06T06:19:59.855Z] Shelf -> Movies - Popular (20 candidates)
[2025-10-06T06:20:33.062Z] Shelf -> Movies - Top Rated (20 candidates)
[2025-10-06T06:21:17.604Z] Shelf -> Movies - New this month (20 candidates)
[2025-10-06T06:22:33.190Z] Shelf -> TV - Popular (20 candidates)
[2025-10-06T06:23:51.518Z] Shelf -> TV - Top Rated (20 candidates)
[2025-10-06T06:25:13.277Z] Shelf -> TV - New this month (20 candidates)
[2025-10-06T06:26:31.746Z] Shelf -> TV - Netflix (20 candidates)
[2025-10-06T06:27:42.992Z] Shelf -> TV - Amazon Prime (20 candidates)
[2025-10-06T06:29:03.142Z] Shelf -> TV - Disney+ (20 candidates)
[2025-10-06T06:30:19.876Z] Shelf -> TV - HBO/Max (20 candidates)
[2025-10-06T06:31:35.310Z] Shelf -> TV - Apple TV+ (20 candidates)
[2025-10-06T06:32:12.526Z] Shelf -> TV - Hulu (20 candidates)
[2025-10-06T06:32:51.435Z] Shelf -> TV - Crunchyroll (20 candidates)
[2025-10-06T06:33:29.803Z] Populate finished: written=0 failures=260
