[ENV] TMDB_KEY:  3a70e2d3239f68d97da1e7c3c70ead0f
[ENV] STREAMS_URL:  https://torrentio.strem.fun/qualityfilter=threed,480p,cam,unknown|limit=2|realdebrid=N4FLTAWR4NTMF6O5SU4CESZZSDWYOSHKTVPFDYAAK4FZTWYKAHGQ
[ENV] RD_TOKEN:  N4FLTAWR4NTMF6O5SU4CESZZSDWYOSHKTVPFDYAAK4FZTWYKAHGQ
[2025-10-06T10:42:11.361Z] Dirs -> MOVIES=D:\StremioCatalog\_Hybrid\Movies SHOWS=D:\StremioCatalog\_Hybrid\Shows SANITY=D:\StremioCatalog\_Hybrid\_Sanity CACHE=D:\PlexTools\cache
[2025-10-06T10:42:11.362Z] STREAMS base: https://torrentio.strem.fun
[2025-10-06T10:42:11.362Z] STREAMS cfg (plain): qualityfilter=threed,480p,cam,unknown|limit=2|realdebrid=N4FLTAWR4NTMF6O5SU4CESZZSDWYOSHKTVPFDYAAK4FZTWYKAHGQ
[2025-10-06T10:42:11.362Z] STREAMS cfg (enc):   qualityfilter%3Dthreed%2C480p%2Ccam%2Cunknown%7Climit%3D2%7Crealdebrid%3DN4FLTAWR4NTMF6O5SU4CESZZSDWYOSHKTVPFDYAAK4FZTWYKAHGQ
[2025-10-06T10:42:11.362Z] RD_TOKEN present
[2025-10-06T10:42:12.322Z] TMDb probe: status=200
[2025-10-06T10:42:12.722Z] Shelf -> Movies - Popular (20 candidates)
[2025-10-06T10:42:26.853Z] Shelf -> Movies - Top Rated (20 candidates)
[2025-10-06T10:42:40.850Z] Shelf -> Movies - New this month (20 candidates)
[2025-10-06T10:43:04.283Z] Shelf -> TV - Popular (20 candidates)
[2025-10-06T10:43:18.308Z] Shelf -> TV - Top Rated (20 candidates)
[2025-10-06T10:43:31.203Z] Shelf -> TV - New this month (20 candidates)
[2025-10-06T10:43:51.511Z] Shelf -> TV - Netflix (20 candidates)
[2025-10-06T10:44:03.443Z] Shelf -> TV - Amazon Prime (20 candidates)
[2025-10-06T10:44:16.324Z] Shelf -> TV - Disney+ (20 candidates)
[2025-10-06T10:44:30.784Z] Shelf -> TV - HBO/Max (20 candidates)
[2025-10-06T10:44:44.686Z] Shelf -> TV - Apple TV+ (20 candidates)
[2025-10-06T10:44:58.418Z] Shelf -> TV - Hulu (20 candidates)
[2025-10-06T10:45:10.963Z] Shelf -> TV - Crunchyroll (20 candidates)
[2025-10-06T10:45:23.414Z] Populate finished: written=236 failures=24
