**********************
PowerShell transcript start
Start time: 20251006173431
Username: MEDIASERVER\jason
RunAs User: MEDIASERVER\jason
Configuration Name: 
Machine: MEDIASERVER (Microsoft Windows NT 10.0.22631.0)
Host Application: C:\Program Files\PowerShell\7\pwsh.dll
Process ID: 18652
PSVersion: 7.5.3
PSEdition: Core
GitCommitId: 7.5.3
OS: Microsoft Windows 10.0.22631
Platform: Win32NT
PSCompatibleVersions: 1.0, 2.0, 3.0, 4.0, 5.0, 5.1, 6.0, 7.0
PSRemotingProtocolVersion: 2.3
SerializationVersion: 1.1.0.1
WSManStackVersion: 3.0
**********************
Transcript started, output file is D:\PlexTools\logs\s001_plex_remote_20251006_173431.log
S001: Plex Remote Access & NAT diagnostic and safe repair
Guardrails: TOKENS=C:\Users\jason\OneDrive\Public\TOKENS, HTTP-200-only, no destructive actions
  OK  Library path OK: Streaming Movies -> D:\StremioCatalog\_Hybrid\Movies
  OK  Library path OK: Streaming TV Shows -> D:\StremioCatalog\_Hybrid\Shows
  OK  Library path OK: ScarFLIX - Movie Request -> D:\ScarFLIX\Wishlist\Movies
  OK  Library path OK: ScarFLIX - Shows Request -> D:\ScarFLIX\Wishlist\TV
  OK  Backup saved: C:\Users\jason\AppData\Local\Plex Media Server\Preferences_Backups\Preferences_20251006_173431.xml
  OK  Set InternetStreamPort=32400 for manual mapping
  OK  Plex restarted: C:\Program Files\Plex\Plex Media Server\Plex Media Server.exe
PS C:\Windows\System32> TerminatingError(Invoke-WebRequest): "Unable to read data from the transport connection: An existing connection was forcibly closed by the remote host.."
PS C:\Windows\System32> TerminatingError(Invoke-WebRequest): "
<Response
  code="503"
  title="Maintenance"
  status="Plex Media Server is currently running startup maintenance tasks." />"
  WARN Identity failed (status=-1, An error occurred while sending the request.)
  WARN Resources failed (status=-1, Response status code does not indicate success: 503 (Service Unavailable).)
  OK  Firewall inbound rule for TCP 32400 present
===== S001 SUMMARY =====
Remote Access state: Relay
Preferences before:
ManualPortMappingMode = 1
RemoteAccessEnabled = 1
InternetStreamPort =
PreferredNetworkInterface =
CustomConnections =
Preferences after:
ManualPortMappingMode = 1
RemoteAccessEnabled = 1
InternetStreamPort = 32400
PreferredNetworkInterface =
CustomConnections =
HTTP check: identity=-1 (1105ms), resources=-1 (12ms)
Warnings: 2
**********************
PowerShell transcript end
End time: 20251006173439
**********************
