12:26:16  Resolver listening on http://127.0.0.1:8424/
17:00:18  CLICK: type=movie imdb=tt0133093 title=The Matrix lib=Movies
17:00:18  streams GET https://torrentio.strem.fun/qualityfilter=threed,480p,cam,unknown|limit=2|realdebrid=N4FLTAWR4NTMF6O5SU4CESZZSDWYOSHKTVPFDYAAK4FZTWYKAHGQ/streams/movie/tt0133093.json -> 404
17:11:04  Resolver listening on http://127.0.0.1:8424/
17:11:06  CLICK: type=movie imdb=tt0133093 title=The Matrix lib=Movies
17:11:06  ERR The property 'magnet' cannot be found on this object. Verify that the property exists.
17:28:42  CLICK: type=movie imdb=tt0133093 title=The Matrix lib=Movies
17:28:42  ERR The property 'magnet' cannot be found on this object. Verify that the property exists.
17:38:45  CLICK: type=movie imdb=tt0133093 title=The Matrix lib=Movies
17:38:45  ERR The property 'magnet' cannot be found on this object. Verify that the property exists.
18:03:55  CLICK: type=movie imdb=tt0133093 title=The Matrix lib=Movies
18:03:55  ERR The property 'magnet' cannot be found on this object. Verify that the property exists.
18:34:36  Resolver listening on http://127.0.0.1:8424/
18:34:37  CLICK: type=movie imdb=tt0133093 title=The Matrix
18:34:38  302 → https://torrentio.strem.fun/resolve/realdebrid/N4FLTAWR4NTMF6O5SU4CESZZSDWYOSHKTVPFDYAAK4FZTWYKAHGQ/17e40c4a20a021a52f43550912879e19b75c2c47/null/0/The%20Matrix%20(1999)%20(2160p%20HDR%20BDRip%20x265%2010bit%20DTS)%20%5B4KLiGHT%5D.mkv
18:45:14  Resolver listening on http://127.0.0.1:8424/
18:45:15  CLICK: type=movie imdb=tt0133093 title=The Matrix
18:45:17  RD unrestrict ERR: Response status code does not indicate success: 503 (Service Unavailable).
18:45:17  302 → https://torrentio.strem.fun/resolve/realdebrid/N4FLTAWR4NTMF6O5SU4CESZZSDWYOSHKTVPFDYAAK4FZTWYKAHGQ/17e40c4a20a021a52f43550912879e19b75c2c47/null/0/The%20Matrix%20(1999)%20(2160p%20HDR%20BDRip%20x265%2010bit%20DTS)%20%5B4KLiGHT%5D.mkv
19:03:57  Resolver listening on http://127.0.0.1:8424/
19:03:59  CLICK: type=movie imdb=tt0133093 title=The Matrix
19:03:59  streams GET failed: Response status code does not indicate success: 404 (Not Found).
19:03:59  no playable candidate in streams
23:34:01  CLICK: type=movie imdb=tt0133093 title=The Matrix
23:34:02  streams GET failed: Response status code does not indicate success: 404 (Not Found).
23:34:02  no playable candidate in streams
23:43:01  CLICK: type=movie imdb=tt0133093 title=The Matrix
23:43:01  streams GET failed: Response status code does not indicate success: 404 (Not Found).
23:43:01  no playable candidate in streams
01:27:50  CLICK: type=movie imdb=tt0133093 title=The Matrix
01:27:51  streams GET failed: Response status code does not indicate success: 404 (Not Found).
01:27:51  no playable candidate in streams
01:30:45  CLICK: type=movie imdb=tt0133093 title=The Matrix
01:30:46  streams GET failed: Response status code does not indicate success: 404 (Not Found).
01:30:46  no playable candidate in streams
20:13:21  Resolver listening on http://127.0.0.1:8424/
