**********************
PowerShell transcript start
Start time: 20251006215749
Username: MEDIASERVER\jason
RunAs User: MEDIASERVER\jason
Configuration Name: 
Machine: MEDIASERVER (Microsoft Windows NT 10.0.22631.0)
Host Application: C:\Program Files\PowerShell\7\pwsh.dll
Process ID: 11148
PSVersion: 7.5.3
PSEdition: Core
GitCommitId: 7.5.3
OS: Microsoft Windows 10.0.22631
Platform: Win32NT
PSCompatibleVersions: 1.0, 2.0, 3.0, 4.0, 5.0, 5.1, 6.0, 7.0
PSRemotingProtocolVersion: 2.3
SerializationVersion: 1.1.0.1
WSManStackVersion: 3.0
**********************
== Windows Non-Interactive 'Passworded SSH' ==
Pinned host key -> ssh-ed25519 255 SHA256:s7xKcN4xHXB9jLO8A00w8BuRNKO8wjcyPVGSE5MXCT0
Opening SSH session (Posh-SSH) to udm_Local_api@192.168.1.1...
PS>TerminatingError(New-SSHSession): "The running command stopped because the preference variable "ErrorActionPreference" or common parameter is set to Stop: Permission denied (keyboard-interactive)."
Posh-SSH auth failed for udm_Local_api (try next user)
Opening SSH session (Posh-SSH) to root@192.168.1.1...

[DEMO OUTPUT]
Linux r0cksteadyDream 4.19.152-ui-alpine #4.19.152 SMP Sat Jul 5 21:20:38 CST 2025 aarch64 GNU/Linux
 21:57:55 up 56 days,  7:01,  0 users,  load average: 1.97, 1.95, 1.77

===== ONE-CLICK SUMMARY =====
Vault: C:\Users\jason\OneDrive\Public\TOKENS
DPAPI Secret Exists: True
Pinned hostkey: ssh-ed25519 255 SHA256:s7xKcN4xHXB9jLO8A00w8BuRNKO8wjcyPVGSE5MXCT0
Primary path: Posh-SSH ✔  (user=root)
plink.exe: Present
Fallback path: plink ✖
Log file: D:\PlexTools\logs\ssh_noninteractive_20251006_215749.log
**********************
PowerShell transcript end
End time: 20251006215753
**********************
