At D:\PlexTools\scripts\Run_Populate.ps1:32 char:83
+ ... _KEY: "     ([string]::IsNullOrWhiteSpace($env:TMDB_KEY)    ? 'missin ...
+                                                                 ~
Unexpected token '?' in expression or statement.
At D:\PlexTools\scripts\Run_Populate.ps1:32 char:79
+ ...  TMDB_KEY: "     ([string]::IsNullOrWhiteSpace($env:TMDB_KEY)    ? 'm ...
+                                                                  ~
Missing closing ')' in expression.
At D:\PlexTools\scripts\Run_Populate.ps1:32 char:106
+ ... tring]::IsNullOrWhiteSpace($env:TMDB_KEY)    ? 'missing' : 'present')
+                                                                         ~
Unexpected token ')' in expression or statement.
At D:\PlexTools\scripts\Run_Populate.ps1:33 char:83
+ ... AMS_URL: "  ([string]::IsNullOrWhiteSpace($env:STREAMS_URL) ? 'missin ...
+                                                                 ~
Unexpected token '?' in expression or statement.
At D:\PlexTools\scripts\Run_Populate.ps1:33 char:82
+ ... REAMS_URL: "  ([string]::IsNullOrWhiteSpace($env:STREAMS_URL) ? 'miss ...
+                                                                  ~
Missing closing ')' in expression.
At D:\PlexTools\scripts\Run_Populate.ps1:33 char:113
+ ... :IsNullOrWhiteSpace($env:STREAMS_URL) ? 'missing' : $env:STREAMS_URL)
+                                                                         ~
Unexpected token ')' in expression or statement.
At D:\PlexTools\scripts\Run_Populate.ps1:34 char:83
+ ... OKEN: "     ([string]::IsNullOrWhiteSpace($env:RD_TOKEN)    ? 'missin ...
+                                                                 ~
Unexpected token '?' in expression or statement.
At D:\PlexTools\scripts\Run_Populate.ps1:34 char:79
+ ...  RD_TOKEN: "     ([string]::IsNullOrWhiteSpace($env:RD_TOKEN)    ? 'm ...
+                                                                  ~
Missing closing ')' in expression.
At D:\PlexTools\scripts\Run_Populate.ps1:34 char:106
+ ... tring]::IsNullOrWhiteSpace($env:RD_TOKEN)    ? 'missing' : 'present')
+                                                                         ~
Unexpected token ')' in expression or statement.
    + CategoryInfo          : ParserError: (:) [], ParentContainsErrorRecordException
    + FullyQualifiedErrorId : UnexpectedToken
 
