[ENV] TMDB_KEY:  3a70e2d3239f68d97da1e7c3c70ead0f
[ENV] STREAMS_URL:  https://torrentio.strem.fun/qualityfilter=threed,480p,cam,unknown|limit=2|realdebrid=N4FLTAWR4NTMF6O5SU4CESZZSDWYOSHKTVPFDYAAK4FZTWYKAHGQ
[ENV] RD_TOKEN:  N4FLTAWR4NTMF6O5SU4CESZZSDWYOSHKTVPFDYAAK4FZTWYKAHGQ
[2025-10-06T10:23:09.541Z] Dirs -> MOVIES=D:\StremioCatalog\_Hybrid\Movies SHOWS=D:\StremioCatalog\_Hybrid\Shows SANITY=D:\StremioCatalog\_Hybrid\_Sanity CACHE=D:\PlexTools\cache
[2025-10-06T10:23:09.542Z] STREAMS base: https://torrentio.strem.fun
[2025-10-06T10:23:09.542Z] STREAMS cfg (plain): qualityfilter=threed,480p,cam,unknown|limit=2|realdebrid=N4FLTAWR4NTMF6O5SU4CESZZSDWYOSHKTVPFDYAAK4FZTWYKAHGQ|limit=2|realdebrid=N4FLTAWR4NTMF6O5SU4CESZZSDWYOSHKTVPFDYAAK4FZTWYKAHGQ
[2025-10-06T10:23:09.542Z] STREAMS cfg (enc):   qualityfilter%3Dthreed%2C480p%2Ccam%2Cunknown%7Climit%3D2%7Crealdebrid%3DN4FLTAWR4NTMF6O5SU4CESZZSDWYOSHKTVPFDYAAK4FZTWYKAHGQ%7Climit%3D2%7Crealdebrid%3DN4FLTAWR4NTMF6O5SU4CESZZSDWYOSHKTVPFDYAAK4FZTWYKAHGQ
[2025-10-06T10:23:09.542Z] RD_TOKEN present
[2025-10-06T10:23:09.672Z] Shelf -> Movies - Popular (0 candidates)
[2025-10-06T10:23:09.691Z] Shelf -> Movies - Top Rated (0 candidates)
[2025-10-06T10:23:09.693Z] Shelf -> Movies - New this month (0 candidates)
[2025-10-06T10:23:09.695Z] Shelf -> TV - Popular (0 candidates)
[2025-10-06T10:23:09.705Z] Shelf -> TV - Top Rated (0 candidates)
[2025-10-06T10:23:09.707Z] Shelf -> TV - New this month (0 candidates)
[2025-10-06T10:23:09.710Z] Shelf -> TV - Netflix (0 candidates)
[2025-10-06T10:23:09.712Z] Shelf -> TV - Amazon Prime (0 candidates)
[2025-10-06T10:23:09.716Z] Shelf -> TV - Disney+ (0 candidates)
[2025-10-06T10:23:09.718Z] Shelf -> TV - HBO/Max (0 candidates)
[2025-10-06T10:23:09.720Z] Shelf -> TV - Apple TV+ (0 candidates)
[2025-10-06T10:23:09.722Z] Shelf -> TV - Hulu (0 candidates)
[2025-10-06T10:23:09.724Z] Shelf -> TV - Crunchyroll (0 candidates)
[2025-10-06T10:23:09.734Z] Populate finished: written=0 failures=0
