[ENV] TMDB_KEY:  3a70e2d3239f68d97da1e7c3c70ead0f
[ENV] STREAMS_URL:  https://torrentio.strem.fun/qualityfilter=threed,480p,cam,unknown|limit=2|realdebrid=N4FLTAWR4NTMF6O5SU4CESZZSDWYOSHKTVPFDYAAK4FZTWYKAHGQ
[ENV] RD_TOKEN:  N4FLTAWR4NTMF6O5SU4CESZZSDWYOSHKTVPFDYAAK4FZTWYKAHGQ
[2025-10-06T21:29:15.533Z] Dirs -> MOVIES=D:\StremioCatalog\_Hybrid\Movies SHOWS=D:\StremioCatalog\_Hybrid\Shows SANITY=D:\StremioCatalog\_Hybrid\_Sanity CACHE=D:\PlexTools\cache
[2025-10-06T21:29:15.534Z] STREAMS base: https://torrentio.strem.fun
[2025-10-06T21:29:15.534Z] STREAMS cfg (plain): qualityfilter=threed,480p,cam,unknown|limit=2|realdebrid=N4FLTAWR4NTMF6O5SU4CESZZSDWYOSHKTVPFDYAAK4FZTWYKAHGQ
[2025-10-06T21:29:15.534Z] STREAMS cfg (enc):   qualityfilter%3Dthreed%2C480p%2Ccam%2Cunknown%7Climit%3D2%7Crealdebrid%3DN4FLTAWR4NTMF6O5SU4CESZZSDWYOSHKTVPFDYAAK4FZTWYKAHGQ
[2025-10-06T21:29:15.534Z] RD_TOKEN present
[2025-10-06T21:29:16.229Z] TMDb probe: status=200
[2025-10-06T21:29:16.636Z] Shelf filter ? Movies - Popular: 20 ? 17 (released?today, votes?10)
[2025-10-06T21:29:16.636Z] Shelf -> Movies - Popular (17 candidates)
[2025-10-06T21:29:23.319Z] Shelf filter ? Movies - Top Rated: 20 ? 20 (released?today, votes?10)
[2025-10-06T21:29:23.319Z] Shelf -> Movies - Top Rated (20 candidates)
[2025-10-06T21:29:31.072Z] Shelf filter ? Movies - New this month: 20 ? 4 (released?today, votes?10)
[2025-10-06T21:29:31.072Z] Shelf -> Movies - New this month (4 candidates)
[2025-10-06T21:29:32.767Z] Shelf filter ? TV - Popular: 20 ? 20 (released?today, votes?10)
[2025-10-06T21:29:32.767Z] Shelf -> TV - Popular (20 candidates)
[2025-10-06T21:29:40.906Z] Shelf filter ? TV - Top Rated: 20 ? 20 (released?today, votes?10)
[2025-10-06T21:29:40.907Z] Shelf -> TV - Top Rated (20 candidates)
[2025-10-06T21:29:48.620Z] Shelf filter ? TV - New this month: 20 ? 2 (released?today, votes?10)
[2025-10-06T21:29:48.620Z] Shelf -> TV - New this month (2 candidates)
[2025-10-06T21:29:49.848Z] Shelf filter ? TV - Netflix: 20 ? 19 (released?today, votes?10)
[2025-10-06T21:29:49.848Z] Shelf -> TV - Netflix (19 candidates)
[2025-10-06T21:29:56.632Z] Shelf filter ? TV - Amazon Prime: 20 ? 20 (released?today, votes?10)
[2025-10-06T21:29:56.632Z] Shelf -> TV - Amazon Prime (20 candidates)
[2025-10-06T21:30:04.861Z] Shelf filter ? TV - Disney+: 20 ? 17 (released?today, votes?10)
[2025-10-06T21:30:04.861Z] Shelf -> TV - Disney+ (17 candidates)
[2025-10-06T21:30:11.665Z] Shelf filter ? TV - HBO/Max: 20 ? 20 (released?today, votes?10)
[2025-10-06T21:30:11.665Z] Shelf -> TV - HBO/Max (20 candidates)
[2025-10-06T21:30:20.647Z] Shelf filter ? TV - Apple TV+: 20 ? 20 (released?today, votes?10)
[2025-10-06T21:30:20.647Z] Shelf -> TV - Apple TV+ (20 candidates)
[2025-10-06T21:30:27.736Z] Shelf filter ? TV - Hulu: 20 ? 20 (released?today, votes?10)
[2025-10-06T21:30:27.736Z] Shelf -> TV - Hulu (20 candidates)
[2025-10-06T21:30:35.039Z] Shelf filter ? TV - Crunchyroll: 20 ? 20 (released?today, votes?10)
[2025-10-06T21:30:35.039Z] Shelf -> TV - Crunchyroll (20 candidates)
[2025-10-06T21:30:42.228Z] Populate finished: written=199 failures=5
