**********************
PowerShell transcript start
Start time: 20251006194207
Username: MEDIASERVER\jason
RunAs User: MEDIASERVER\jason
Configuration Name: 
Machine: MEDIASERVER (Microsoft Windows NT 10.0.22631.0)
Host Application: C:\Program Files\PowerShell\7\pwsh.dll
Process ID: 37484
PSVersion: 7.5.3
PSEdition: Core
GitCommitId: 7.5.3
OS: Microsoft Windows 10.0.22631
Platform: Win32NT
PSCompatibleVersions: 1.0, 2.0, 3.0, 4.0, 5.0, 5.1, 6.0, 7.0
PSRemotingProtocolVersion: 2.3
SerializationVersion: 1.1.0.1
WSManStackVersion: 3.0
**********************
Transcript started, output file is D:\PlexTools\logs\s002_scheduler_20251006_194207.log
S002: Scheduler audit and self-heal
  OK  Updated task: PS Smart Bridge
  WARN Smoke run: PS Smart Bridge exited with code 1
  OK  Updated task: RD Queue Processor (per-user)
  WARN Smoke run: RD Queue Processor (per-user) exited with code 267009
===== S002 SUMMARY =====
OK tasks       :
Healed tasks   : PS Smart Bridge, RD Queue Processor (per-user)
Quarantined    :
Warnings       : 2
**********************
PowerShell transcript end
End time: 20251006194220
**********************
