2025-10-04 20:36:02  Watcher ready → D:\ScarFLIX\Wishlist\Movies
2025-10-04 20:36:02  Watcher ready → D:\ScarFLIX\Wishlist\TV
2025-10-04 20:38:23  Scanner OK → D:\ScarFLIX\Wishlist\Movies
2025-10-04 20:40:43  Scanner OK → D:\ScarFLIX\Wishlist\TV
2025-10-04 20:40:43  AutoScan started.
2025-10-05 01:20:43  Change burst → rescanning D:\PlexTools
2025-10-05 01:23:05  Scanner OK → D:\PlexTools
2025-10-05 01:28:05  Change burst → rescanning D:\PlexTools
2025-10-05 01:30:24  Scanner OK → D:\PlexTools
2025-10-05 01:45:24  Change burst → rescanning D:\PlexTools
2025-10-05 01:47:44  Scanner OK → D:\PlexTools
2025-10-05 03:02:44  Change burst → rescanning D:\PlexTools
2025-10-05 03:05:07  Scanner OK → D:\PlexTools
2025-10-05 03:05:07  Change burst → rescanning D:\PlexTools
2025-10-05 03:07:27  Scanner OK → D:\PlexTools
2025-10-05 03:12:27  Change burst → rescanning D:\PlexTools
2025-10-05 03:14:45  Scanner OK → D:\PlexTools
2025-10-05 03:19:45  Change burst → rescanning D:\PlexTools
2025-10-05 03:22:03  Scanner OK → D:\PlexTools
2025-10-05 03:22:03  Change burst → rescanning D:\PlexTools
2025-10-05 03:24:22  Scanner OK → D:\PlexTools
2025-10-05 03:29:22  Change burst → rescanning D:\PlexTools
2025-10-05 03:31:40  Scanner OK → D:\PlexTools
2025-10-05 20:13:23  Watcher ready → D:\ScarFLIX\Wishlist\Movies
2025-10-05 20:13:23  Watcher ready → D:\ScarFLIX\Wishlist\TV
2025-10-05 20:13:31  Scanner OK → D:\ScarFLIX\Wishlist\Movies
2025-10-05 20:17:54  Scanner OK → D:\ScarFLIX\Wishlist\TV
2025-10-05 20:17:54  AutoScan started.
